{"/home/travis/build/npmtest/node-npmtest-webpack-hot-middleware/test.js":{"path":"/home/travis/build/npmtest/node-npmtest-webpack-hot-middleware/test.js","s":{"1":2,"2":2,"3":2,"4":2,"5":2,"6":2,"7":2,"8":1,"9":2,"10":2,"11":1,"12":1,"13":1,"14":1,"15":2,"16":2,"17":2,"18":2,"19":1,"20":1,"21":2,"22":2,"23":2,"24":1,"25":1,"26":1,"27":1,"28":1,"29":1,"30":1,"31":1,"32":1,"33":1,"34":1,"35":1,"36":1,"37":1,"38":1,"39":2,"40":2,"41":1,"42":2,"43":2,"44":1,"45":2,"46":2,"47":1,"48":2,"49":2,"50":1,"51":1,"52":1,"53":1,"54":1},"b":{"1":[2,1,1,1],"2":[1,1,1,1],"3":[1,1],"4":[1,1],"5":[1,1],"6":[1,1],"7":[1,1],"8":[1,1],"9":[1,1],"10":[1,1,1],"11":[1,1],"12":[1,1],"13":[1,1],"14":[1,1],"15":[1,1],"16":[1,1],"17":[1,1]},"f":{"1":2,"2":2,"3":2,"4":2,"5":2,"6":1,"7":1,"8":1,"9":2,"10":2,"11":2,"12":2,"13":1},"fnMap":{"1":{"name":"(anonymous_1)","line":12,"loc":{"start":{"line":12,"column":1},"end":{"line":12,"column":13}}},"2":{"name":"(anonymous_2)","line":19,"loc":{"start":{"line":19,"column":5},"end":{"line":19,"column":17}}},"3":{"name":"(anonymous_3)","line":23,"loc":{"start":{"line":23,"column":24},"end":{"line":23,"column":36}}},"4":{"name":"(anonymous_4)","line":61,"loc":{"start":{"line":61,"column":5},"end":{"line":61,"column":17}}},"5":{"name":"(anonymous_5)","line":82,"loc":{"start":{"line":82,"column":5},"end":{"line":82,"column":17}}},"6":{"name":"(anonymous_6)","line":91,"loc":{"start":{"line":91,"column":77},"end":{"line":94,"column":10}}},"7":{"name":"(anonymous_7)","line":112,"loc":{"start":{"line":112,"column":83},"end":{"line":115,"column":10}},"skip":true},"8":{"name":"(anonymous_8)","line":123,"loc":{"start":{"line":123,"column":77},"end":{"line":126,"column":10}},"skip":true},"9":{"name":"(anonymous_9)","line":139,"loc":{"start":{"line":139,"column":12},"end":{"line":139,"column":40}},"skip":true},"10":{"name":"(anonymous_10)","line":147,"loc":{"start":{"line":147,"column":77},"end":{"line":150,"column":10}},"skip":true},"11":{"name":"(anonymous_11)","line":158,"loc":{"start":{"line":158,"column":83},"end":{"line":161,"column":10}},"skip":true},"12":{"name":"(anonymous_12)","line":169,"loc":{"start":{"line":169,"column":79},"end":{"line":172,"column":10}},"skip":true},"13":{"name":"(anonymous_13)","line":180,"loc":{"start":{"line":180,"column":75},"end":{"line":183,"column":10}},"skip":true}},"statementMap":{"1":{"start":{"line":12,"column":0},"end":{"line":195,"column":5}},"2":{"start":{"line":14,"column":4},"end":{"line":14,"column":14}},"3":{"start":{"line":19,"column":4},"end":{"line":56,"column":9}},"4":{"start":{"line":21,"column":8},"end":{"line":21,"column":19}},"5":{"start":{"line":23,"column":8},"end":{"line":35,"column":13}},"6":{"start":{"line":24,"column":12},"end":{"line":34,"column":13}},"7":{"start":{"line":25,"column":16},"end":{"line":28,"column":30}},"8":{"start":{"line":30,"column":16},"end":{"line":33,"column":27}},"9":{"start":{"line":37,"column":8},"end":{"line":39,"column":21}},"10":{"start":{"line":40,"column":8},"end":{"line":53,"column":9}},"11":{"start":{"line":43,"column":12},"end":{"line":46,"column":14}},"12":{"start":{"line":47,"column":12},"end":{"line":47,"column":18}},"13":{"start":{"line":50,"column":12},"end":{"line":51,"column":33}},"14":{"start":{"line":52,"column":12},"end":{"line":52,"column":18}},"15":{"start":{"line":55,"column":8},"end":{"line":55,"column":35}},"16":{"start":{"line":61,"column":4},"end":{"line":63,"column":9}},"17":{"start":{"line":62,"column":8},"end":{"line":62,"column":15}},"18":{"start":{"line":64,"column":4},"end":{"line":77,"column":5}},"19":{"start":{"line":70,"column":8},"end":{"line":70,"column":14}},"20":{"start":{"line":76,"column":8},"end":{"line":76,"column":14}},"21":{"start":{"line":82,"column":4},"end":{"line":84,"column":9}},"22":{"start":{"line":83,"column":8},"end":{"line":83,"column":15}},"23":{"start":{"line":85,"column":4},"end":{"line":194,"column":5}},"24":{"start":{"line":91,"column":8},"end":{"line":99,"column":10}},"25":{"start":{"line":98,"column":12},"end":{"line":98,"column":35}},"26":{"start":{"line":102,"column":8},"end":{"line":104,"column":63}},"27":{"start":{"line":105,"column":8},"end":{"line":105,"column":14}},"28":{"start":{"line":112,"column":8},"end":{"line":121,"column":10},"skip":true},"29":{"start":{"line":119,"column":12},"end":{"line":119,"column":55},"skip":true},"30":{"start":{"line":120,"column":12},"end":{"line":120,"column":48},"skip":true},"31":{"start":{"line":123,"column":8},"end":{"line":136,"column":10},"skip":true},"32":{"start":{"line":130,"column":12},"end":{"line":130,"column":76},"skip":true},"33":{"start":{"line":131,"column":12},"end":{"line":131,"column":73},"skip":true},"34":{"start":{"line":132,"column":12},"end":{"line":132,"column":74},"skip":true},"35":{"start":{"line":133,"column":12},"end":{"line":133,"column":79},"skip":true},"36":{"start":{"line":134,"column":12},"end":{"line":134,"column":25},"skip":true},"37":{"start":{"line":135,"column":12},"end":{"line":135,"column":45},"skip":true},"38":{"start":{"line":138,"column":8},"end":{"line":145,"column":14},"skip":true},"39":{"start":{"line":143,"column":16},"end":{"line":143,"column":29},"skip":true},"40":{"start":{"line":144,"column":16},"end":{"line":144,"column":55},"skip":true},"41":{"start":{"line":147,"column":8},"end":{"line":156,"column":10},"skip":true},"42":{"start":{"line":154,"column":12},"end":{"line":154,"column":25},"skip":true},"43":{"start":{"line":155,"column":12},"end":{"line":155,"column":45},"skip":true},"44":{"start":{"line":158,"column":8},"end":{"line":167,"column":10},"skip":true},"45":{"start":{"line":165,"column":12},"end":{"line":165,"column":25},"skip":true},"46":{"start":{"line":166,"column":12},"end":{"line":166,"column":48},"skip":true},"47":{"start":{"line":169,"column":8},"end":{"line":178,"column":10},"skip":true},"48":{"start":{"line":176,"column":12},"end":{"line":176,"column":25},"skip":true},"49":{"start":{"line":177,"column":12},"end":{"line":177,"column":46},"skip":true},"50":{"start":{"line":180,"column":8},"end":{"line":189,"column":10},"skip":true},"51":{"start":{"line":187,"column":12},"end":{"line":187,"column":94},"skip":true},"52":{"start":{"line":188,"column":12},"end":{"line":188,"column":48},"skip":true},"53":{"start":{"line":192,"column":8},"end":{"line":192,"column":35},"skip":true},"54":{"start":{"line":193,"column":8},"end":{"line":193,"column":14},"skip":true}},"branchMap":{"1":{"line":25,"type":"binary-expr","locations":[{"start":{"line":25,"column":23},"end":{"line":25,"column":62}},{"start":{"line":26,"column":20},"end":{"line":26,"column":70}},{"start":{"line":27,"column":20},"end":{"line":27,"column":71}},{"start":{"line":28,"column":20},"end":{"line":28,"column":29}}]},"2":{"line":30,"type":"binary-expr","locations":[{"start":{"line":30,"column":23},"end":{"line":30,"column":37}},{"start":{"line":31,"column":20},"end":{"line":31,"column":61}},{"start":{"line":32,"column":20},"end":{"line":32,"column":70}},{"start":{"line":33,"column":20},"end":{"line":33,"column":26}}]},"3":{"line":37,"type":"cond-expr","locations":[{"start":{"line":38,"column":14},"end":{"line":38,"column":20}},{"start":{"line":39,"column":14},"end":{"line":39,"column":20}}]},"4":{"line":40,"type":"switch","locations":[{"start":{"line":42,"column":8},"end":{"line":47,"column":18}},{"start":{"line":49,"column":8},"end":{"line":52,"column":18}}]},"5":{"line":44,"type":"binary-expr","locations":[{"start":{"line":44,"column":16},"end":{"line":44,"column":44}},{"start":{"line":44,"column":48},"end":{"line":44,"column":66}}]},"6":{"line":50,"type":"binary-expr","locations":[{"start":{"line":50,"column":21},"end":{"line":50,"column":49}},{"start":{"line":50,"column":53},"end":{"line":50,"column":72}}]},"7":{"line":64,"type":"switch","locations":[{"start":{"line":69,"column":4},"end":{"line":70,"column":14}},{"start":{"line":75,"column":4},"end":{"line":76,"column":14}}]},"8":{"line":85,"type":"switch","locations":[{"start":{"line":90,"column":4},"end":{"line":105,"column":14}},{"start":{"line":111,"column":4},"end":{"line":193,"column":14},"skip":true}]},"9":{"line":91,"type":"binary-expr","locations":[{"start":{"line":91,"column":42},"end":{"line":91,"column":73}},{"start":{"line":91,"column":77},"end":{"line":99,"column":9}}]},"10":{"line":102,"type":"binary-expr","locations":[{"start":{"line":102,"column":18},"end":{"line":102,"column":32}},{"start":{"line":103,"column":12},"end":{"line":103,"column":53}},{"start":{"line":104,"column":12},"end":{"line":104,"column":61}}]},"11":{"line":112,"type":"binary-expr","locations":[{"start":{"line":112,"column":45},"end":{"line":112,"column":79},"skip":true},{"start":{"line":112,"column":83},"end":{"line":121,"column":9},"skip":true}]},"12":{"line":123,"type":"binary-expr","locations":[{"start":{"line":123,"column":42},"end":{"line":123,"column":73},"skip":true},{"start":{"line":123,"column":77},"end":{"line":136,"column":9},"skip":true}]},"13":{"line":138,"type":"binary-expr","locations":[{"start":{"line":138,"column":48},"end":{"line":138,"column":85},"skip":true},{"start":{"line":139,"column":12},"end":{"line":145,"column":13},"skip":true}]},"14":{"line":147,"type":"binary-expr","locations":[{"start":{"line":147,"column":42},"end":{"line":147,"column":73},"skip":true},{"start":{"line":147,"column":77},"end":{"line":156,"column":9},"skip":true}]},"15":{"line":158,"type":"binary-expr","locations":[{"start":{"line":158,"column":45},"end":{"line":158,"column":79},"skip":true},{"start":{"line":158,"column":83},"end":{"line":167,"column":9},"skip":true}]},"16":{"line":169,"type":"binary-expr","locations":[{"start":{"line":169,"column":43},"end":{"line":169,"column":75},"skip":true},{"start":{"line":169,"column":79},"end":{"line":178,"column":9},"skip":true}]},"17":{"line":180,"type":"binary-expr","locations":[{"start":{"line":180,"column":41},"end":{"line":180,"column":71},"skip":true},{"start":{"line":180,"column":75},"end":{"line":189,"column":9},"skip":true}]}},"code":["/* istanbul instrument in package npmtest_webpack_hot_middleware */","/*jslint","    bitwise: true,","    browser: true,","    maxerr: 8,","    maxlen: 96,","    node: true,","    nomen: true,","    regexp: true,","    stupid: true","*/","(function () {","    'use strict';","    var local;","","","","    // run shared js-env code - init-before","    (function () {","        // init local","        local = {};","        // init modeJs","        local.modeJs = (function () {","            try {","                return typeof navigator.userAgent === 'string' &&","                    typeof document.querySelector('body') === 'object' &&","                    typeof XMLHttpRequest.prototype.open === 'function' &&","                    'browser';","            } catch (errorCaughtBrowser) {","                return module.exports &&","                    typeof process.versions.node === 'string' &&","                    typeof require('http').createServer === 'function' &&","                    'node';","            }","        }());","        // init global","        local.global = local.modeJs === 'browser'","            ? window","            : global;","        switch (local.modeJs) {","        // re-init local from window.local","        case 'browser':","            local = local.global.utility2.objectSetDefault(","                local.global.utility2_rollup || local.global.local,","                local.global.utility2","            );","            break;","        // re-init local from example.js","        case 'node':","            local = (local.global.utility2_rollup || require('utility2'))","                .requireReadme();","            break;","        }","        // export local","        local.global.local = local;","    }());","","","","    // run shared js-env code - function","    (function () {","        return;","    }());","    switch (local.modeJs) {","","","","    // run browser js-env code - function","    case 'browser':","        break;","","","","    // run node js-env code - function","    case 'node':","        break;","    }","","","","    // run shared js-env code - init-after","    (function () {","        return;","    }());","    switch (local.modeJs) {","","","","    // run browser js-env code - init-after","    case 'browser':","        local.testCase_browser_nullCase = local.testCase_browser_nullCase || function (","            options,","            onError","        ) {","        /*","         * this function will test browsers's null-case handling-behavior-behavior","         */","            onError(null, options);","        };","","        // run tests","        local.nop(local.modeTest &&","            document.querySelector('#testRunButton1') &&","            document.querySelector('#testRunButton1').click());","        break;","","","","    // run node js-env code - init-after","    /* istanbul ignore next */","    case 'node':","        local.testCase_buildApidoc_default = local.testCase_buildApidoc_default || function (","            options,","            onError","        ) {","        /*","         * this function will test buildApidoc's default handling-behavior-behavior","         */","            options = { modulePathList: module.paths };","            local.buildApidoc(options, onError);","        };","","        local.testCase_buildApp_default = local.testCase_buildApp_default || function (","            options,","            onError","        ) {","        /*","         * this function will test buildApp's default handling-behavior-behavior","         */","            local.testCase_buildReadme_default(options, local.onErrorThrow);","            local.testCase_buildLib_default(options, local.onErrorThrow);","            local.testCase_buildTest_default(options, local.onErrorThrow);","            local.testCase_buildCustomOrg_default(options, local.onErrorThrow);","            options = [];","            local.buildApp(options, onError);","        };","","        local.testCase_buildCustomOrg_default = local.testCase_buildCustomOrg_default ||","            function (options, onError) {","            /*","             * this function will test buildCustomOrg's default handling-behavior","             */","                options = {};","                local.buildCustomOrg(options, onError);","            };","","        local.testCase_buildLib_default = local.testCase_buildLib_default || function (","            options,","            onError","        ) {","        /*","         * this function will test buildLib's default handling-behavior","         */","            options = {};","            local.buildLib(options, onError);","        };","","        local.testCase_buildReadme_default = local.testCase_buildReadme_default || function (","            options,","            onError","        ) {","        /*","         * this function will test buildReadme's default handling-behavior-behavior","         */","            options = {};","            local.buildReadme(options, onError);","        };","","        local.testCase_buildTest_default = local.testCase_buildTest_default || function (","            options,","            onError","        ) {","        /*","         * this function will test buildTest's default handling-behavior","         */","            options = {};","            local.buildTest(options, onError);","        };","","        local.testCase_webpage_default = local.testCase_webpage_default || function (","            options,","            onError","        ) {","        /*","         * this function will test webpage's default handling-behavior","         */","            options = { modeCoverageMerge: true, url: local.serverLocalHost + '?modeTest=1' };","            local.browserTest(options, onError);","        };","","        // run test-server","        local.testRunServer(local);","        break;","    }","}());",""],"l":{"12":2,"14":2,"19":2,"21":2,"23":2,"24":2,"25":2,"30":1,"37":2,"40":2,"43":1,"47":1,"50":1,"52":1,"55":2,"61":2,"62":2,"64":2,"70":1,"76":1,"82":2,"83":2,"85":2,"91":1,"98":1,"102":1,"105":1,"112":1,"119":1,"120":1,"123":1,"130":1,"131":1,"132":1,"133":1,"134":1,"135":1,"138":1,"143":2,"144":2,"147":1,"154":2,"155":2,"158":1,"165":2,"166":2,"169":1,"176":2,"177":2,"180":1,"187":1,"188":1,"192":1,"193":1}},"/home/travis/build/npmtest/node-npmtest-webpack-hot-middleware/lib.npmtest_webpack_hot_middleware.js":{"path":"/home/travis/build/npmtest/node-npmtest-webpack-hot-middleware/lib.npmtest_webpack_hot_middleware.js","s":{"1":2,"2":2,"3":2,"4":2,"5":2,"6":2,"7":2,"8":1,"9":2,"10":2,"11":2,"12":2,"13":1,"14":1,"15":1,"16":1},"b":{"1":[2,1,1,1],"2":[1,1,1,1],"3":[1,1],"4":[2,2],"5":[1,1]},"f":{"1":2,"2":2,"3":2},"fnMap":{"1":{"name":"(anonymous_1)","line":12,"loc":{"start":{"line":12,"column":1},"end":{"line":12,"column":13}}},"2":{"name":"(anonymous_2)","line":19,"loc":{"start":{"line":19,"column":5},"end":{"line":19,"column":17}}},"3":{"name":"(anonymous_3)","line":23,"loc":{"start":{"line":23,"column":24},"end":{"line":23,"column":36}}}},"statementMap":{"1":{"start":{"line":12,"column":0},"end":{"line":53,"column":5}},"2":{"start":{"line":14,"column":4},"end":{"line":14,"column":14}},"3":{"start":{"line":19,"column":4},"end":{"line":52,"column":9}},"4":{"start":{"line":21,"column":8},"end":{"line":21,"column":19}},"5":{"start":{"line":23,"column":8},"end":{"line":35,"column":13}},"6":{"start":{"line":24,"column":12},"end":{"line":34,"column":13}},"7":{"start":{"line":25,"column":16},"end":{"line":28,"column":30}},"8":{"start":{"line":30,"column":16},"end":{"line":33,"column":27}},"9":{"start":{"line":37,"column":8},"end":{"line":39,"column":21}},"10":{"start":{"line":41,"column":8},"end":{"line":41,"column":54}},"11":{"start":{"line":43,"column":8},"end":{"line":43,"column":67}},"12":{"start":{"line":45,"column":8},"end":{"line":51,"column":9}},"13":{"start":{"line":46,"column":12},"end":{"line":46,"column":73}},"14":{"start":{"line":48,"column":12},"end":{"line":48,"column":35}},"15":{"start":{"line":49,"column":12},"end":{"line":49,"column":49}},"16":{"start":{"line":50,"column":12},"end":{"line":50,"column":43}}},"branchMap":{"1":{"line":25,"type":"binary-expr","locations":[{"start":{"line":25,"column":23},"end":{"line":25,"column":62}},{"start":{"line":26,"column":20},"end":{"line":26,"column":70}},{"start":{"line":27,"column":20},"end":{"line":27,"column":71}},{"start":{"line":28,"column":20},"end":{"line":28,"column":29}}]},"2":{"line":30,"type":"binary-expr","locations":[{"start":{"line":30,"column":23},"end":{"line":30,"column":37}},{"start":{"line":31,"column":20},"end":{"line":31,"column":61}},{"start":{"line":32,"column":20},"end":{"line":32,"column":70}},{"start":{"line":33,"column":20},"end":{"line":33,"column":26}}]},"3":{"line":37,"type":"cond-expr","locations":[{"start":{"line":38,"column":14},"end":{"line":38,"column":20}},{"start":{"line":39,"column":14},"end":{"line":39,"column":20}}]},"4":{"line":41,"type":"binary-expr","locations":[{"start":{"line":41,"column":16},"end":{"line":41,"column":44}},{"start":{"line":41,"column":48},"end":{"line":41,"column":53}}]},"5":{"line":45,"type":"if","locations":[{"start":{"line":45,"column":8},"end":{"line":45,"column":8}},{"start":{"line":45,"column":8},"end":{"line":45,"column":8}}]}},"code":["/* istanbul instrument in package npmtest_webpack_hot_middleware */","/*jslint","    bitwise: true,","    browser: true,","    maxerr: 8,","    maxlen: 96,","    node: true,","    nomen: true,","    regexp: true,","    stupid: true","*/","(function () {","    'use strict';","    var local;","","","","    // run shared js-env code - init-before","    (function () {","        // init local","        local = {};","        // init modeJs","        local.modeJs = (function () {","            try {","                return typeof navigator.userAgent === 'string' &&","                    typeof document.querySelector('body') === 'object' &&","                    typeof XMLHttpRequest.prototype.open === 'function' &&","                    'browser';","            } catch (errorCaughtBrowser) {","                return module.exports &&","                    typeof process.versions.node === 'string' &&","                    typeof require('http').createServer === 'function' &&","                    'node';","            }","        }());","        // init global","        local.global = local.modeJs === 'browser'","            ? window","            : global;","        // init utility2_rollup","        local = local.global.utility2_rollup || local;","        // init lib","        local.local = local.npmtest_webpack_hot_middleware = local;","        // init exports","        if (local.modeJs === 'browser') {","            local.global.utility2_npmtest_webpack_hot_middleware = local;","        } else {","            module.exports = local;","            module.exports.__dirname = __dirname;","            module.exports.module = module;","        }","    }());","}());",""],"l":{"12":2,"14":2,"19":2,"21":2,"23":2,"24":2,"25":2,"30":1,"37":2,"41":2,"43":2,"45":2,"46":1,"48":1,"49":1,"50":1}},"/home/travis/build/npmtest/node-npmtest-webpack-hot-middleware/example.js":{"path":"/home/travis/build/npmtest/node-npmtest-webpack-hot-middleware/example.js","s":{"1":2,"2":2,"3":2,"4":2,"5":2,"6":2,"7":2,"8":1,"9":2,"10":2,"11":2,"12":2,"13":1,"14":2,"15":2,"16":2,"17":2,"18":2,"19":0,"20":2,"21":1,"22":1,"23":1,"24":1,"25":1,"26":0,"27":0,"28":1,"29":1,"30":2,"31":0,"32":0,"33":0,"34":1,"35":2,"36":2,"37":3,"38":3,"39":3,"40":3,"41":0,"42":3,"43":3,"44":3,"45":1,"46":3,"47":1,"48":1,"49":1,"50":1,"51":1,"52":1,"53":1,"54":1,"55":1,"56":1,"57":0,"58":1,"59":6,"60":6,"61":1,"62":2,"63":0,"64":2,"65":1,"66":1,"67":0,"68":0,"69":0,"70":0,"71":0,"72":0,"73":0,"74":0,"75":0,"76":0,"77":0,"78":0,"79":0,"80":0,"81":0,"82":0,"83":0},"b":{"1":[2,1,1,1],"2":[1,1,1,1],"3":[1,1],"4":[2,2],"5":[1,1],"6":[1,1],"7":[2,0],"8":[2,1,1,1,1,1],"9":[0,2,0],"10":[1,1],"11":[2,1,1],"12":[1,0],"13":[0,2],"14":[2,0,0,0,0,0,0],"15":[0,3],"16":[3,0],"17":[1,1],"18":[0,1],"19":[1,2,0,2],"20":[1,0],"21":[1,1],"22":[0,0],"23":[0,0],"24":[0,0],"25":[0,0],"26":[0,0],"27":[0,0],"28":[0,0]},"f":{"1":2,"2":2,"3":2,"4":2,"5":2,"6":2,"7":3,"8":3,"9":3,"10":1,"11":6,"12":0},"fnMap":{"1":{"name":"(anonymous_1)","line":26,"loc":{"start":{"line":26,"column":1},"end":{"line":26,"column":13}}},"2":{"name":"(anonymous_2)","line":33,"loc":{"start":{"line":33,"column":5},"end":{"line":33,"column":17}}},"3":{"name":"(anonymous_3)","line":37,"loc":{"start":{"line":37,"column":24},"end":{"line":37,"column":36}}},"4":{"name":"(anonymous_4)","line":69,"loc":{"start":{"line":69,"column":31},"end":{"line":69,"column":48}},"skip":true},"5":{"name":"(anonymous_5)","line":78,"loc":{"start":{"line":78,"column":26},"end":{"line":78,"column":45}},"skip":true},"6":{"name":"(anonymous_6)","line":123,"loc":{"start":{"line":123,"column":33},"end":{"line":123,"column":48}},"skip":true},"7":{"name":"(anonymous_7)","line":125,"loc":{"start":{"line":125,"column":27},"end":{"line":125,"column":39}},"skip":true},"8":{"name":"(anonymous_8)","line":133,"loc":{"start":{"line":133,"column":59},"end":{"line":133,"column":74}},"skip":true},"9":{"name":"(anonymous_9)","line":143,"loc":{"start":{"line":143,"column":45},"end":{"line":143,"column":62}},"skip":true},"10":{"name":"(anonymous_10)","line":144,"loc":{"start":{"line":144,"column":73},"end":{"line":144,"column":92}},"skip":true},"11":{"name":"(anonymous_11)","line":272,"loc":{"start":{"line":272,"column":51},"end":{"line":272,"column":77}},"skip":true},"12":{"name":"(anonymous_12)","line":315,"loc":{"start":{"line":315,"column":32},"end":{"line":315,"column":61}},"skip":true}},"statementMap":{"1":{"start":{"line":26,"column":0},"end":{"line":326,"column":5}},"2":{"start":{"line":28,"column":4},"end":{"line":28,"column":14}},"3":{"start":{"line":33,"column":4},"end":{"line":60,"column":9}},"4":{"start":{"line":35,"column":8},"end":{"line":35,"column":19}},"5":{"start":{"line":37,"column":8},"end":{"line":49,"column":13}},"6":{"start":{"line":38,"column":12},"end":{"line":48,"column":13}},"7":{"start":{"line":39,"column":16},"end":{"line":42,"column":30}},"8":{"start":{"line":44,"column":16},"end":{"line":47,"column":27}},"9":{"start":{"line":51,"column":8},"end":{"line":53,"column":21}},"10":{"start":{"line":55,"column":8},"end":{"line":57,"column":45}},"11":{"start":{"line":59,"column":8},"end":{"line":59,"column":35}},"12":{"start":{"line":61,"column":4},"end":{"line":325,"column":5}},"13":{"start":{"line":69,"column":8},"end":{"line":121,"column":10},"skip":true},"14":{"start":{"line":70,"column":12},"end":{"line":88,"column":13},"skip":true},"15":{"start":{"line":76,"column":16},"end":{"line":87,"column":19},"skip":true},"16":{"start":{"line":79,"column":20},"end":{"line":86,"column":21},"skip":true},"17":{"start":{"line":82,"column":24},"end":{"line":82,"column":43},"skip":true},"18":{"start":{"line":83,"column":24},"end":{"line":83,"column":30},"skip":true},"19":{"start":{"line":85,"column":24},"end":{"line":85,"column":49},"skip":true},"20":{"start":{"line":89,"column":12},"end":{"line":107,"column":13},"skip":true},"21":{"start":{"line":92,"column":16},"end":{"line":102,"column":17},"skip":true},"22":{"start":{"line":93,"column":20},"end":{"line":93,"column":86},"skip":true},"23":{"start":{"line":94,"column":20},"end":{"line":95,"column":45},"skip":true},"24":{"start":{"line":96,"column":20},"end":{"line":96,"column":42},"skip":true},"25":{"start":{"line":97,"column":20},"end":{"line":97,"column":48},"skip":true},"26":{"start":{"line":100,"column":20},"end":{"line":100,"column":85},"skip":true},"27":{"start":{"line":101,"column":20},"end":{"line":101,"column":96},"skip":true},"28":{"start":{"line":103,"column":16},"end":{"line":103,"column":22},"skip":true},"29":{"start":{"line":106,"column":16},"end":{"line":106,"column":22},"skip":true},"30":{"start":{"line":108,"column":12},"end":{"line":120,"column":13},"skip":true},"31":{"start":{"line":114,"column":16},"end":{"line":119,"column":17},"skip":true},"32":{"start":{"line":116,"column":20},"end":{"line":116,"column":78},"skip":true},"33":{"start":{"line":118,"column":20},"end":{"line":118,"column":47},"skip":true},"34":{"start":{"line":123,"column":8},"end":{"line":141,"column":11},"skip":true},"35":{"start":{"line":124,"column":12},"end":{"line":124,"column":54},"skip":true},"36":{"start":{"line":125,"column":12},"end":{"line":140,"column":14},"skip":true},"37":{"start":{"line":126,"column":16},"end":{"line":126,"column":28},"skip":true},"38":{"start":{"line":127,"column":16},"end":{"line":127,"column":69},"skip":true},"39":{"start":{"line":128,"column":16},"end":{"line":128,"column":75},"skip":true},"40":{"start":{"line":129,"column":16},"end":{"line":131,"column":17},"skip":true},"41":{"start":{"line":130,"column":20},"end":{"line":130,"column":27},"skip":true},"42":{"start":{"line":133,"column":16},"end":{"line":137,"column":36},"skip":true},"43":{"start":{"line":134,"column":20},"end":{"line":136,"column":55},"skip":true},"44":{"start":{"line":139,"column":16},"end":{"line":139,"column":57},"skip":true},"45":{"start":{"line":143,"column":8},"end":{"line":147,"column":11},"skip":true},"46":{"start":{"line":144,"column":12},"end":{"line":146,"column":15},"skip":true},"47":{"start":{"line":145,"column":16},"end":{"line":145,"column":70},"skip":true},"48":{"start":{"line":149,"column":8},"end":{"line":149,"column":31},"skip":true},"49":{"start":{"line":150,"column":8},"end":{"line":150,"column":14},"skip":true},"50":{"start":{"line":158,"column":8},"end":{"line":158,"column":31},"skip":true},"51":{"start":{"line":160,"column":8},"end":{"line":160,"column":33},"skip":true},"52":{"start":{"line":161,"column":8},"end":{"line":161,"column":37},"skip":true},"53":{"start":{"line":162,"column":8},"end":{"line":162,"column":35},"skip":true},"54":{"start":{"line":164,"column":8},"end":{"line":164,"column":50},"skip":true},"55":{"start":{"line":166,"column":8},"end":{"line":256,"column":2},"skip":true},"56":{"start":{"line":258,"column":8},"end":{"line":286,"column":9},"skip":true},"57":{"start":{"line":259,"column":12},"end":{"line":269,"column":14},"skip":true},"58":{"start":{"line":271,"column":12},"end":{"line":285,"column":19},"skip":true},"59":{"start":{"line":274,"column":20},"end":{"line":274,"column":35},"skip":true},"60":{"start":{"line":275,"column":20},"end":{"line":284,"column":21},"skip":true},"61":{"start":{"line":277,"column":24},"end":{"line":277,"column":64},"skip":true},"62":{"start":{"line":279,"column":24},"end":{"line":279,"column":40},"skip":true},"63":{"start":{"line":281,"column":24},"end":{"line":281,"column":40},"skip":true},"64":{"start":{"line":283,"column":24},"end":{"line":283,"column":39},"skip":true},"65":{"start":{"line":288,"column":8},"end":{"line":290,"column":9},"skip":true},"66":{"start":{"line":289,"column":12},"end":{"line":289,"column":18},"skip":true},"67":{"start":{"line":291,"column":8},"end":{"line":293,"column":54},"skip":true},"68":{"start":{"line":296,"column":8},"end":{"line":301,"column":37},"skip":true},"69":{"start":{"line":303,"column":8},"end":{"line":303,"column":82},"skip":true},"70":{"start":{"line":306,"column":8},"end":{"line":308,"column":9},"skip":true},"71":{"start":{"line":307,"column":12},"end":{"line":307,"column":82},"skip":true},"72":{"start":{"line":310,"column":8},"end":{"line":312,"column":9},"skip":true},"73":{"start":{"line":311,"column":12},"end":{"line":311,"column":18},"skip":true},"74":{"start":{"line":313,"column":8},"end":{"line":313,"column":54},"skip":true},"75":{"start":{"line":314,"column":8},"end":{"line":314,"column":69},"skip":true},"76":{"start":{"line":315,"column":8},"end":{"line":323,"column":36},"skip":true},"77":{"start":{"line":316,"column":12},"end":{"line":316,"column":61},"skip":true},"78":{"start":{"line":317,"column":12},"end":{"line":320,"column":13},"skip":true},"79":{"start":{"line":318,"column":16},"end":{"line":318,"column":75},"skip":true},"80":{"start":{"line":319,"column":16},"end":{"line":319,"column":23},"skip":true},"81":{"start":{"line":321,"column":12},"end":{"line":321,"column":38},"skip":true},"82":{"start":{"line":322,"column":12},"end":{"line":322,"column":27},"skip":true},"83":{"start":{"line":324,"column":8},"end":{"line":324,"column":14},"skip":true}},"branchMap":{"1":{"line":39,"type":"binary-expr","locations":[{"start":{"line":39,"column":23},"end":{"line":39,"column":62}},{"start":{"line":40,"column":20},"end":{"line":40,"column":70}},{"start":{"line":41,"column":20},"end":{"line":41,"column":71}},{"start":{"line":42,"column":20},"end":{"line":42,"column":29}}]},"2":{"line":44,"type":"binary-expr","locations":[{"start":{"line":44,"column":23},"end":{"line":44,"column":37}},{"start":{"line":45,"column":20},"end":{"line":45,"column":61}},{"start":{"line":46,"column":20},"end":{"line":46,"column":70}},{"start":{"line":47,"column":20},"end":{"line":47,"column":26}}]},"3":{"line":51,"type":"cond-expr","locations":[{"start":{"line":52,"column":14},"end":{"line":52,"column":20}},{"start":{"line":53,"column":14},"end":{"line":53,"column":20}}]},"4":{"line":55,"type":"binary-expr","locations":[{"start":{"line":55,"column":16},"end":{"line":55,"column":44}},{"start":{"line":55,"column":49},"end":{"line":57,"column":43}}]},"5":{"line":55,"type":"cond-expr","locations":[{"start":{"line":56,"column":14},"end":{"line":56,"column":66}},{"start":{"line":57,"column":14},"end":{"line":57,"column":43}}]},"6":{"line":61,"type":"switch","locations":[{"start":{"line":68,"column":4},"end":{"line":150,"column":14},"skip":true},{"start":{"line":156,"column":4},"end":{"line":324,"column":14},"skip":true}]},"7":{"line":70,"type":"if","locations":[{"start":{"line":70,"column":12},"end":{"line":70,"column":12},"skip":true},{"start":{"line":70,"column":12},"end":{"line":70,"column":12},"skip":true}]},"8":{"line":70,"type":"binary-expr","locations":[{"start":{"line":70,"column":16},"end":{"line":70,"column":22},"skip":true},{"start":{"line":70,"column":27},"end":{"line":70,"column":32},"skip":true},{"start":{"line":71,"column":20},"end":{"line":71,"column":39},"skip":true},{"start":{"line":72,"column":20},"end":{"line":72,"column":49},"skip":true},{"start":{"line":73,"column":20},"end":{"line":73,"column":58},"skip":true},{"start":{"line":74,"column":20},"end":{"line":74,"column":69},"skip":true}]},"9":{"line":79,"type":"switch","locations":[{"start":{"line":80,"column":20},"end":{"line":80,"column":33},"skip":true},{"start":{"line":81,"column":20},"end":{"line":83,"column":30},"skip":true},{"start":{"line":84,"column":20},"end":{"line":85,"column":49},"skip":true}]},"10":{"line":89,"type":"switch","locations":[{"start":{"line":90,"column":12},"end":{"line":103,"column":22},"skip":true},{"start":{"line":105,"column":12},"end":{"line":106,"column":22},"skip":true}]},"11":{"line":89,"type":"binary-expr","locations":[{"start":{"line":89,"column":20},"end":{"line":89,"column":25},"skip":true},{"start":{"line":89,"column":29},"end":{"line":89,"column":48},"skip":true},{"start":{"line":89,"column":52},"end":{"line":89,"column":74},"skip":true}]},"12":{"line":92,"type":"if","locations":[{"start":{"line":92,"column":16},"end":{"line":92,"column":16},"skip":true},{"start":{"line":92,"column":16},"end":{"line":92,"column":16},"skip":true}]},"13":{"line":108,"type":"if","locations":[{"start":{"line":108,"column":12},"end":{"line":108,"column":12},"skip":true},{"start":{"line":108,"column":12},"end":{"line":108,"column":12},"skip":true}]},"14":{"line":108,"type":"binary-expr","locations":[{"start":{"line":108,"column":16},"end":{"line":108,"column":61},"skip":true},{"start":{"line":108,"column":66},"end":{"line":108,"column":72},"skip":true},{"start":{"line":108,"column":77},"end":{"line":108,"column":82},"skip":true},{"start":{"line":109,"column":20},"end":{"line":109,"column":39},"skip":true},{"start":{"line":110,"column":20},"end":{"line":110,"column":49},"skip":true},{"start":{"line":111,"column":20},"end":{"line":111,"column":58},"skip":true},{"start":{"line":112,"column":20},"end":{"line":112,"column":68},"skip":true}]},"15":{"line":129,"type":"if","locations":[{"start":{"line":129,"column":16},"end":{"line":129,"column":16},"skip":true},{"start":{"line":129,"column":16},"end":{"line":129,"column":16},"skip":true}]},"16":{"line":134,"type":"cond-expr","locations":[{"start":{"line":135,"column":26},"end":{"line":135,"column":29},"skip":true},{"start":{"line":136,"column":26},"end":{"line":136,"column":54},"skip":true}]},"17":{"line":164,"type":"binary-expr","locations":[{"start":{"line":164,"column":27},"end":{"line":164,"column":43},"skip":true},{"start":{"line":164,"column":47},"end":{"line":164,"column":49},"skip":true}]},"18":{"line":258,"type":"if","locations":[{"start":{"line":258,"column":8},"end":{"line":258,"column":8},"skip":true},{"start":{"line":258,"column":8},"end":{"line":258,"column":8},"skip":true}]},"19":{"line":275,"type":"switch","locations":[{"start":{"line":276,"column":20},"end":{"line":277,"column":64},"skip":true},{"start":{"line":278,"column":20},"end":{"line":279,"column":40},"skip":true},{"start":{"line":280,"column":20},"end":{"line":281,"column":40},"skip":true},{"start":{"line":282,"column":20},"end":{"line":283,"column":39},"skip":true}]},"20":{"line":288,"type":"if","locations":[{"start":{"line":288,"column":8},"end":{"line":288,"column":8},"skip":true},{"start":{"line":288,"column":8},"end":{"line":288,"column":8},"skip":true}]},"21":{"line":288,"type":"binary-expr","locations":[{"start":{"line":288,"column":12},"end":{"line":288,"column":40},"skip":true},{"start":{"line":288,"column":44},"end":{"line":288,"column":67},"skip":true}]},"22":{"line":292,"type":"binary-expr","locations":[{"start":{"line":292,"column":12},"end":{"line":292,"column":50},"skip":true},{"start":{"line":293,"column":12},"end":{"line":293,"column":53},"skip":true}]},"23":{"line":297,"type":"binary-expr","locations":[{"start":{"line":297,"column":12},"end":{"line":297,"column":80},"skip":true},{"start":{"line":298,"column":12},"end":{"line":301,"column":36},"skip":true}]},"24":{"line":303,"type":"binary-expr","locations":[{"start":{"line":303,"column":43},"end":{"line":303,"column":75},"skip":true},{"start":{"line":303,"column":79},"end":{"line":303,"column":81},"skip":true}]},"25":{"line":306,"type":"if","locations":[{"start":{"line":306,"column":8},"end":{"line":306,"column":8},"skip":true},{"start":{"line":306,"column":8},"end":{"line":306,"column":8},"skip":true}]},"26":{"line":310,"type":"if","locations":[{"start":{"line":310,"column":8},"end":{"line":310,"column":8},"skip":true},{"start":{"line":310,"column":8},"end":{"line":310,"column":8},"skip":true}]},"27":{"line":313,"type":"binary-expr","locations":[{"start":{"line":313,"column":27},"end":{"line":313,"column":43},"skip":true},{"start":{"line":313,"column":47},"end":{"line":313,"column":53},"skip":true}]},"28":{"line":317,"type":"if","locations":[{"start":{"line":317,"column":12},"end":{"line":317,"column":12},"skip":true},{"start":{"line":317,"column":12},"end":{"line":317,"column":12},"skip":true}]}},"code":["/*","example.js","","quickstart example","","instruction","    1. save this script as example.js","    2. run the shell command:","        $ npm install npmtest-webpack-hot-middleware && PORT=8081 node example.js","    3. play with the browser-demo on http://127.0.0.1:8081","*/","","","","/* istanbul instrument in package npmtest_webpack_hot_middleware */","/*jslint","    bitwise: true,","    browser: true,","    maxerr: 8,","    maxlen: 96,","    node: true,","    nomen: true,","    regexp: true,","    stupid: true","*/","(function () {","    'use strict';","    var local;","","","","    // run shared js-env code - init-before","    (function () {","        // init local","        local = {};","        // init modeJs","        local.modeJs = (function () {","            try {","                return typeof navigator.userAgent === 'string' &&","                    typeof document.querySelector('body') === 'object' &&","                    typeof XMLHttpRequest.prototype.open === 'function' &&","                    'browser';","            } catch (errorCaughtBrowser) {","                return module.exports &&","                    typeof process.versions.node === 'string' &&","                    typeof require('http').createServer === 'function' &&","                    'node';","            }","        }());","        // init global","        local.global = local.modeJs === 'browser'","            ? window","            : global;","        // init utility2_rollup","        local = local.global.utility2_rollup || (local.modeJs === 'browser'","            ? local.global.utility2_npmtest_webpack_hot_middleware","            : global.utility2_moduleExports);","        // export local","        local.global.local = local;","    }());","    switch (local.modeJs) {","","","","    // init-after","    // run browser js-env code - init-after","    /* istanbul ignore next */","    case 'browser':","        local.testRunBrowser = function (event) {","            if (!event || (event &&","                    event.currentTarget &&","                    event.currentTarget.className &&","                    event.currentTarget.className.includes &&","                    event.currentTarget.className.includes('onreset'))) {","                // reset output","                Array.from(","                    document.querySelectorAll('body > .resettable')","                ).forEach(function (element) {","                    switch (element.tagName) {","                    case 'INPUT':","                    case 'TEXTAREA':","                        element.value = '';","                        break;","                    default:","                        element.textContent = '';","                    }","                });","            }","            switch (event && event.currentTarget && event.currentTarget.id) {","            case 'testRunButton1':","                // show tests","                if (document.querySelector('#testReportDiv1').style.display === 'none') {","                    document.querySelector('#testReportDiv1').style.display = 'block';","                    document.querySelector('#testRunButton1').textContent =","                        'hide internal test';","                    local.modeTest = true;","                    local.testRunDefault(local);","                // hide tests","                } else {","                    document.querySelector('#testReportDiv1').style.display = 'none';","                    document.querySelector('#testRunButton1').textContent = 'run internal test';","                }","                break;","            // custom-case","            default:","                break;","            }","            if (document.querySelector('#inputTextareaEval1') && (!event || (event &&","                    event.currentTarget &&","                    event.currentTarget.className &&","                    event.currentTarget.className.includes &&","                    event.currentTarget.className.includes('oneval')))) {","                // try to eval input-code","                try {","                    /*jslint evil: true*/","                    eval(document.querySelector('#inputTextareaEval1').value);","                } catch (errorCaught) {","                    console.error(errorCaught);","                }","            }","        };","        // log stderr and stdout to #outputTextareaStdout1","        ['error', 'log'].forEach(function (key) {","            console[key + '_original'] = console[key];","            console[key] = function () {","                var element;","                console[key + '_original'].apply(console, arguments);","                element = document.querySelector('#outputTextareaStdout1');","                if (!element) {","                    return;","                }","                // append text to #outputTextareaStdout1","                element.value += Array.from(arguments).map(function (arg) {","                    return typeof arg === 'string'","                        ? arg","                        : JSON.stringify(arg, null, 4);","                }).join(' ') + '\\n';","                // scroll textarea to bottom","                element.scrollTop = element.scrollHeight;","            };","        });","        // init event-handling","        ['change', 'click', 'keyup'].forEach(function (event) {","            Array.from(document.querySelectorAll('.on' + event)).forEach(function (element) {","                element.addEventListener(event, local.testRunBrowser);","            });","        });","        // run tests","        local.testRunBrowser();","        break;","","","","    // run node js-env code - init-after","    /* istanbul ignore next */","    case 'node':","        // export local","        module.exports = local;","        // require modules","        local.fs = require('fs');","        local.http = require('http');","        local.url = require('url');","        // init assets","        local.assetsDict = local.assetsDict || {};","        /* jslint-ignore-begin */","        local.assetsDict['/assets.index.template.html'] = '\\","<!doctype html>\\n\\","<html lang=\"en\">\\n\\","<head>\\n\\","<meta charset=\"UTF-8\">\\n\\","<meta name=\"viewport\" content=\"width=device-width, initial-scale=1\">\\n\\","<title>{{env.npm_package_name}} (v{{env.npm_package_version}})</title>\\n\\","<style>\\n\\","/*csslint\\n\\","    box-sizing: false,\\n\\","    universal-selector: false\\n\\","*/\\n\\","* {\\n\\","    box-sizing: border-box;\\n\\","}\\n\\","body {\\n\\","    background: #dde;\\n\\","    font-family: Arial, Helvetica, sans-serif;\\n\\","    margin: 2rem;\\n\\","}\\n\\","body > * {\\n\\","    margin-bottom: 1rem;\\n\\","}\\n\\",".utility2FooterDiv {\\n\\","    margin-top: 20px;\\n\\","    text-align: center;\\n\\","}\\n\\","</style>\\n\\","<style>\\n\\","/*csslint\\n\\","*/\\n\\","textarea {\\n\\","    font-family: monospace;\\n\\","    height: 10rem;\\n\\","    width: 100%;\\n\\","}\\n\\","textarea[readonly] {\\n\\","    background: #ddd;\\n\\","}\\n\\","</style>\\n\\","</head>\\n\\","<body>\\n\\","<!-- utility2-comment\\n\\","<div id=\"ajaxProgressDiv1\" style=\"background: #d00; height: 2px; left: 0; margin: 0; padding: 0; position: fixed; top: 0; transition: background 0.5s, width 1.5s; width: 25%;\"></div>\\n\\","utility2-comment -->\\n\\","<h1>\\n\\","<!-- utility2-comment\\n\\","    <a\\n\\","        {{#if env.npm_package_homepage}}\\n\\","        href=\"{{env.npm_package_homepage}}\"\\n\\","        {{/if env.npm_package_homepage}}\\n\\","        target=\"_blank\"\\n\\","    >\\n\\","utility2-comment -->\\n\\","        {{env.npm_package_name}} (v{{env.npm_package_version}})\\n\\","<!-- utility2-comment\\n\\","    </a>\\n\\","utility2-comment -->\\n\\","</h1>\\n\\","<h3>{{env.npm_package_description}}</h3>\\n\\","<!-- utility2-comment\\n\\","<h4><a download href=\"assets.app.js\">download standalone app</a></h4>\\n\\","<button class=\"onclick onreset\" id=\"testRunButton1\">run internal test</button><br>\\n\\","<div id=\"testReportDiv1\" style=\"display: none;\"></div>\\n\\","utility2-comment -->\\n\\","\\n\\","\\n\\","\\n\\","<label>stderr and stdout</label>\\n\\","<textarea class=\"resettable\" id=\"outputTextareaStdout1\" readonly></textarea>\\n\\","<!-- utility2-comment\\n\\","{{#if isRollup}}\\n\\","<script src=\"assets.app.js\"></script>\\n\\","{{#unless isRollup}}\\n\\","utility2-comment -->\\n\\","<script src=\"assets.utility2.rollup.js\"></script>\\n\\","<script src=\"jsonp.utility2._stateInit?callback=window.utility2._stateInit\"></script>\\n\\","<script src=\"assets.npmtest_webpack_hot_middleware.rollup.js\"></script>\\n\\","<script src=\"assets.example.js\"></script>\\n\\","<script src=\"assets.test.js\"></script>\\n\\","<!-- utility2-comment\\n\\","{{/if isRollup}}\\n\\","utility2-comment -->\\n\\","<div class=\"utility2FooterDiv\">\\n\\","    [ this app was created with\\n\\","    <a href=\"https://github.com/kaizhu256/node-utility2\" target=\"_blank\">utility2</a>\\n\\","    ]\\n\\","</div>\\n\\","</body>\\n\\","</html>\\n\\","';","        /* jslint-ignore-end */","        if (local.templateRender) {","            local.assetsDict['/'] = local.templateRender(","                local.assetsDict['/assets.index.template.html'],","                {","                    env: local.objectSetDefault(local.env, {","                        npm_package_description: 'the greatest app in the world!',","                        npm_package_name: 'my-app',","                        npm_package_nameAlias: 'my_app',","                        npm_package_version: '0.0.1'","                    })","                }","            );","        } else {","            local.assetsDict['/'] = local.assetsDict['/assets.index.template.html']","                .replace((/\\{\\{env\\.(\\w+?)\\}\\}/g), function (match0, match1) {","                    // jslint-hack","                    String(match0);","                    switch (match1) {","                    case 'npm_package_description':","                        return 'the greatest app in the world!';","                    case 'npm_package_name':","                        return 'my-app';","                    case 'npm_package_nameAlias':","                        return 'my_app';","                    case 'npm_package_version':","                        return '0.0.1';","                    }","                });","        }","        // run the cli","        if (local.global.utility2_rollup || module !== require.main) {","            break;","        }","        local.assetsDict['/assets.example.js'] =","            local.assetsDict['/assets.example.js'] ||","            local.fs.readFileSync(__filename, 'utf8');","        // bug-workaround - long $npm_package_buildCustomOrg","        /* jslint-ignore-begin */","        local.assetsDict['/assets.npmtest_webpack_hot_middleware.rollup.js'] =","            local.assetsDict['/assets.npmtest_webpack_hot_middleware.rollup.js'] ||","            local.fs.readFileSync(","                local.npmtest_webpack_hot_middleware.__dirname + '/lib.npmtest_webpack_hot_middleware.js',","                'utf8'","            ).replace((/^#!/), '//');","        /* jslint-ignore-end */","        local.assetsDict['/favicon.ico'] = local.assetsDict['/favicon.ico'] || '';","        // if $npm_config_timeout_exit exists,","        // then exit this process after $npm_config_timeout_exit ms","        if (Number(process.env.npm_config_timeout_exit)) {","            setTimeout(process.exit, Number(process.env.npm_config_timeout_exit));","        }","        // start server","        if (local.global.utility2_serverHttp1) {","            break;","        }","        process.env.PORT = process.env.PORT || '8081';","        console.error('server starting on port ' + process.env.PORT);","        local.http.createServer(function (request, response) {","            request.urlParsed = local.url.parse(request.url);","            if (local.assetsDict[request.urlParsed.pathname] !== undefined) {","                response.end(local.assetsDict[request.urlParsed.pathname]);","                return;","            }","            response.statusCode = 404;","            response.end();","        }).listen(process.env.PORT);","        break;","    }","}());",""],"l":{"26":2,"28":2,"33":2,"35":2,"37":2,"38":2,"39":2,"44":1,"51":2,"55":2,"59":2,"61":2,"69":1,"70":2,"76":2,"79":2,"82":2,"83":2,"85":1,"89":2,"92":1,"93":1,"94":1,"96":1,"97":1,"100":1,"101":1,"103":1,"106":1,"108":2,"114":1,"116":1,"118":1,"123":1,"124":2,"125":2,"126":3,"127":3,"128":3,"129":3,"130":1,"133":3,"134":3,"139":3,"143":1,"144":3,"145":1,"149":1,"150":1,"158":1,"160":1,"161":1,"162":1,"164":1,"166":1,"258":1,"259":1,"271":1,"274":6,"275":6,"277":1,"279":2,"281":1,"283":2,"288":1,"289":1,"291":1,"296":1,"303":1,"306":1,"307":1,"310":1,"311":1,"313":1,"314":1,"315":1,"316":1,"317":1,"318":1,"319":1,"321":1,"322":1,"324":1}},"/home/travis/build/npmtest/node-npmtest-webpack-hot-middleware/node_modules/webpack-hot-middleware/middleware.js":{"path":"/home/travis/build/npmtest/node-npmtest-webpack-hot-middleware/node_modules/webpack-hot-middleware/middleware.js","s":{"1":1,"2":1,"3":1,"4":1,"5":0,"6":0,"7":0,"8":0,"9":0,"10":0,"11":0,"12":0,"13":0,"14":0,"15":0,"16":0,"17":0,"18":0,"19":0,"20":0,"21":0,"22":0,"23":0,"24":0,"25":0,"26":0,"27":1,"28":0,"29":0,"30":1,"31":0,"32":0,"33":0,"34":0,"35":0,"36":0,"37":0,"38":0,"39":0,"40":0,"41":0,"42":0,"43":0,"44":0,"45":0,"46":1,"47":0,"48":0,"49":0,"50":0,"51":0,"52":1,"53":0,"54":0,"55":0,"56":0,"57":0,"58":1,"59":0,"60":0,"61":0,"62":0},"b":{"1":[0,0],"2":[0,0],"3":[0,0],"4":[0,0],"5":[0,0],"6":[0,0],"7":[0,0],"8":[0,0],"9":[0,0],"10":[0,0],"11":[0,0],"12":[0,0],"13":[0,0],"14":[0,0]},"f":{"1":0,"2":0,"3":0,"4":0,"5":0,"6":0,"7":0,"8":0,"9":0,"10":0,"11":0,"12":0,"13":0,"14":0,"15":0,"16":0,"17":0,"18":0},"fnMap":{"1":{"name":"webpackHotMiddleware","line":6,"loc":{"start":{"line":6,"column":0},"end":{"line":6,"column":46}}},"2":{"name":"(anonymous_2)","line":15,"loc":{"start":{"line":15,"column":29},"end":{"line":15,"column":40}}},"3":{"name":"(anonymous_3)","line":20,"loc":{"start":{"line":20,"column":26},"end":{"line":20,"column":48}}},"4":{"name":"(anonymous_4)","line":25,"loc":{"start":{"line":25,"column":19},"end":{"line":25,"column":44}}},"5":{"name":"createEventStream","line":38,"loc":{"start":{"line":38,"column":0},"end":{"line":38,"column":38}}},"6":{"name":"everyClient","line":41,"loc":{"start":{"line":41,"column":2},"end":{"line":41,"column":27}}},"7":{"name":"(anonymous_7)","line":42,"loc":{"start":{"line":42,"column":33},"end":{"line":42,"column":46}}},"8":{"name":"heartbeatTick","line":46,"loc":{"start":{"line":46,"column":14},"end":{"line":46,"column":39}}},"9":{"name":"(anonymous_9)","line":47,"loc":{"start":{"line":47,"column":16},"end":{"line":47,"column":33}}},"10":{"name":"(anonymous_10)","line":52,"loc":{"start":{"line":52,"column":13},"end":{"line":52,"column":32}}},"11":{"name":"(anonymous_11)","line":63,"loc":{"start":{"line":63,"column":22},"end":{"line":63,"column":32}}},"12":{"name":"(anonymous_12)","line":67,"loc":{"start":{"line":67,"column":13},"end":{"line":67,"column":31}}},"13":{"name":"(anonymous_13)","line":68,"loc":{"start":{"line":68,"column":18},"end":{"line":68,"column":35}}},"14":{"name":"publishStats","line":75,"loc":{"start":{"line":75,"column":0},"end":{"line":75,"column":61}}},"15":{"name":"(anonymous_15)","line":78,"loc":{"start":{"line":78,"column":18},"end":{"line":78,"column":34}}},"16":{"name":"extractBundles","line":95,"loc":{"start":{"line":95,"column":0},"end":{"line":95,"column":31}}},"17":{"name":"buildModuleMap","line":106,"loc":{"start":{"line":106,"column":0},"end":{"line":106,"column":33}}},"18":{"name":"(anonymous_18)","line":108,"loc":{"start":{"line":108,"column":18},"end":{"line":108,"column":35}}}},"statementMap":{"1":{"start":{"line":1,"column":0},"end":{"line":1,"column":38}},"2":{"start":{"line":3,"column":0},"end":{"line":3,"column":35}},"3":{"start":{"line":4,"column":0},"end":{"line":4,"column":34}},"4":{"start":{"line":6,"column":0},"end":{"line":36,"column":1}},"5":{"start":{"line":7,"column":2},"end":{"line":7,"column":20}},"6":{"start":{"line":8,"column":2},"end":{"line":8,"column":83}},"7":{"start":{"line":9,"column":2},"end":{"line":9,"column":44}},"8":{"start":{"line":10,"column":2},"end":{"line":10,"column":47}},"9":{"start":{"line":12,"column":2},"end":{"line":12,"column":54}},"10":{"start":{"line":13,"column":2},"end":{"line":13,"column":25}},"11":{"start":{"line":15,"column":2},"end":{"line":19,"column":5}},"12":{"start":{"line":16,"column":4},"end":{"line":16,"column":23}},"13":{"start":{"line":17,"column":4},"end":{"line":17,"column":50}},"14":{"start":{"line":17,"column":18},"end":{"line":17,"column":50}},"15":{"start":{"line":18,"column":4},"end":{"line":18,"column":46}},"16":{"start":{"line":20,"column":2},"end":{"line":24,"column":5}},"17":{"start":{"line":22,"column":4},"end":{"line":22,"column":30}},"18":{"start":{"line":23,"column":4},"end":{"line":23,"column":62}},"19":{"start":{"line":25,"column":2},"end":{"line":33,"column":4}},"20":{"start":{"line":26,"column":4},"end":{"line":26,"column":54}},"21":{"start":{"line":26,"column":40},"end":{"line":26,"column":54}},"22":{"start":{"line":27,"column":4},"end":{"line":27,"column":34}},"23":{"start":{"line":28,"column":4},"end":{"line":32,"column":5}},"24":{"start":{"line":31,"column":6},"end":{"line":31,"column":53}},"25":{"start":{"line":34,"column":2},"end":{"line":34,"column":43}},"26":{"start":{"line":35,"column":2},"end":{"line":35,"column":20}},"27":{"start":{"line":38,"column":0},"end":{"line":73,"column":1}},"28":{"start":{"line":39,"column":2},"end":{"line":39,"column":19}},"29":{"start":{"line":40,"column":2},"end":{"line":40,"column":19}},"30":{"start":{"line":41,"column":2},"end":{"line":45,"column":3}},"31":{"start":{"line":42,"column":4},"end":{"line":44,"column":7}},"32":{"start":{"line":43,"column":6},"end":{"line":43,"column":22}},"33":{"start":{"line":46,"column":2},"end":{"line":50,"column":24}},"34":{"start":{"line":47,"column":4},"end":{"line":49,"column":7}},"35":{"start":{"line":48,"column":6},"end":{"line":48,"column":45}},"36":{"start":{"line":51,"column":2},"end":{"line":72,"column":4}},"37":{"start":{"line":53,"column":6},"end":{"line":53,"column":36}},"38":{"start":{"line":54,"column":6},"end":{"line":59,"column":9}},"39":{"start":{"line":60,"column":6},"end":{"line":60,"column":22}},"40":{"start":{"line":61,"column":6},"end":{"line":61,"column":26}},"41":{"start":{"line":62,"column":6},"end":{"line":62,"column":24}},"42":{"start":{"line":63,"column":6},"end":{"line":65,"column":9}},"43":{"start":{"line":64,"column":8},"end":{"line":64,"column":27}},"44":{"start":{"line":68,"column":6},"end":{"line":70,"column":9}},"45":{"start":{"line":69,"column":8},"end":{"line":69,"column":66}},"46":{"start":{"line":75,"column":0},"end":{"line":93,"column":1}},"47":{"start":{"line":77,"column":2},"end":{"line":77,"column":76}},"48":{"start":{"line":78,"column":2},"end":{"line":92,"column":5}},"49":{"start":{"line":79,"column":4},"end":{"line":82,"column":5}},"50":{"start":{"line":80,"column":6},"end":{"line":81,"column":49}},"51":{"start":{"line":83,"column":4},"end":{"line":91,"column":7}},"52":{"start":{"line":95,"column":0},"end":{"line":104,"column":1}},"53":{"start":{"line":97,"column":2},"end":{"line":97,"column":36}},"54":{"start":{"line":97,"column":21},"end":{"line":97,"column":36}},"55":{"start":{"line":100,"column":2},"end":{"line":100,"column":69}},"56":{"start":{"line":100,"column":47},"end":{"line":100,"column":69}},"57":{"start":{"line":103,"column":2},"end":{"line":103,"column":17}},"58":{"start":{"line":106,"column":0},"end":{"line":112,"column":1}},"59":{"start":{"line":107,"column":2},"end":{"line":107,"column":15}},"60":{"start":{"line":108,"column":2},"end":{"line":110,"column":5}},"61":{"start":{"line":109,"column":4},"end":{"line":109,"column":33}},"62":{"start":{"line":111,"column":2},"end":{"line":111,"column":13}}},"branchMap":{"1":{"line":7,"type":"binary-expr","locations":[{"start":{"line":7,"column":9},"end":{"line":7,"column":13}},{"start":{"line":7,"column":17},"end":{"line":7,"column":19}}]},"2":{"line":8,"type":"cond-expr","locations":[{"start":{"line":8,"column":46},"end":{"line":8,"column":71}},{"start":{"line":8,"column":74},"end":{"line":8,"column":82}}]},"3":{"line":9,"type":"binary-expr","locations":[{"start":{"line":9,"column":14},"end":{"line":9,"column":23}},{"start":{"line":9,"column":27},"end":{"line":9,"column":43}}]},"4":{"line":10,"type":"binary-expr","locations":[{"start":{"line":10,"column":19},"end":{"line":10,"column":33}},{"start":{"line":10,"column":37},"end":{"line":10,"column":46}}]},"5":{"line":17,"type":"if","locations":[{"start":{"line":17,"column":4},"end":{"line":17,"column":4}},{"start":{"line":17,"column":4},"end":{"line":17,"column":4}}]},"6":{"line":26,"type":"if","locations":[{"start":{"line":26,"column":4},"end":{"line":26,"column":4}},{"start":{"line":26,"column":4},"end":{"line":26,"column":4}}]},"7":{"line":28,"type":"if","locations":[{"start":{"line":28,"column":4},"end":{"line":28,"column":4}},{"start":{"line":28,"column":4},"end":{"line":28,"column":4}}]},"8":{"line":79,"type":"if","locations":[{"start":{"line":79,"column":4},"end":{"line":79,"column":4}},{"start":{"line":79,"column":4},"end":{"line":79,"column":4}}]},"9":{"line":80,"type":"cond-expr","locations":[{"start":{"line":80,"column":43},"end":{"line":80,"column":59}},{"start":{"line":80,"column":62},"end":{"line":80,"column":64}}]},"10":{"line":88,"type":"binary-expr","locations":[{"start":{"line":88,"column":16},"end":{"line":88,"column":30}},{"start":{"line":88,"column":34},"end":{"line":88,"column":36}}]},"11":{"line":89,"type":"binary-expr","locations":[{"start":{"line":89,"column":14},"end":{"line":89,"column":26}},{"start":{"line":89,"column":30},"end":{"line":89,"column":32}}]},"12":{"line":97,"type":"if","locations":[{"start":{"line":97,"column":2},"end":{"line":97,"column":2}},{"start":{"line":97,"column":2},"end":{"line":97,"column":2}}]},"13":{"line":100,"type":"if","locations":[{"start":{"line":100,"column":2},"end":{"line":100,"column":2}},{"start":{"line":100,"column":2},"end":{"line":100,"column":2}}]},"14":{"line":100,"type":"binary-expr","locations":[{"start":{"line":100,"column":6},"end":{"line":100,"column":20}},{"start":{"line":100,"column":24},"end":{"line":100,"column":45}}]}},"code":["module.exports = webpackHotMiddleware;","","var helpers = require('./helpers');","var pathMatch = helpers.pathMatch;","","function webpackHotMiddleware(compiler, opts) {","  opts = opts || {};","  opts.log = typeof opts.log == 'undefined' ? console.log.bind(console) : opts.log;","  opts.path = opts.path || '/__webpack_hmr';","  opts.heartbeat = opts.heartbeat || 10 * 1000;","","  var eventStream = createEventStream(opts.heartbeat);","  var latestStats = null;","","  compiler.plugin(\"compile\", function() {","    latestStats = null;","    if (opts.log) opts.log(\"webpack building...\");","    eventStream.publish({action: \"building\"});","  });","  compiler.plugin(\"done\", function(statsResult) {","    // Keep hold of latest stats so they can be propagated to new clients","    latestStats = statsResult;","    publishStats(\"built\", latestStats, eventStream, opts.log);","  });","  var middleware = function(req, res, next) {","    if (!pathMatch(req.url, opts.path)) return next();","    eventStream.handler(req, res);","    if (latestStats) {","      // Explicitly not passing in `log` fn as we don't want to log again on","      // the server","      publishStats(\"sync\", latestStats, eventStream);","    }","  };","  middleware.publish = eventStream.publish;","  return middleware;","}","","function createEventStream(heartbeat) {","  var clientId = 0;","  var clients = {};","  function everyClient(fn) {","    Object.keys(clients).forEach(function(id) {","      fn(clients[id]);","    });","  }","  setInterval(function heartbeatTick() {","    everyClient(function(client) {","      client.write(\"data: \\uD83D\\uDC93\\n\\n\");","    });","  }, heartbeat).unref();","  return {","    handler: function(req, res) {","      req.socket.setKeepAlive(true);","      res.writeHead(200, {","        'Access-Control-Allow-Origin': '*',","        'Content-Type': 'text/event-stream;charset=utf-8',","        'Cache-Control': 'no-cache, no-transform',","        'Connection': 'keep-alive'","      });","      res.write('\\n');","      var id = clientId++;","      clients[id] = res;","      req.on(\"close\", function(){","        delete clients[id];","      });","    },","    publish: function(payload) {","      everyClient(function(client) {","        client.write(\"data: \" + JSON.stringify(payload) + \"\\n\\n\");","      });","    }","  };","}","","function publishStats(action, statsResult, eventStream, log) {","  // For multi-compiler, stats will be an object with a 'children' array of stats","  var bundles = extractBundles(statsResult.toJson({ errorDetails: false }));","  bundles.forEach(function(stats) {","    if (log) {","      log(\"webpack built \" + (stats.name ? stats.name + \" \" : \"\") +","        stats.hash + \" in \" + stats.time + \"ms\");","    }","    eventStream.publish({","      name: stats.name,","      action: action,","      time: stats.time,","      hash: stats.hash,","      warnings: stats.warnings || [],","      errors: stats.errors || [],","      modules: buildModuleMap(stats.modules)","    });","  });","}","","function extractBundles(stats) {","  // Stats has modules, single bundle","  if (stats.modules) return [stats];","","  // Stats has children, multiple bundles","  if (stats.children && stats.children.length) return stats.children;","","  // Not sure, assume single","  return [stats];","}","","function buildModuleMap(modules) {","  var map = {};","  modules.forEach(function(module) {","    map[module.id] = module.name;","  });","  return map;","}",""],"l":{"1":1,"3":1,"4":1,"6":1,"7":0,"8":0,"9":0,"10":0,"12":0,"13":0,"15":0,"16":0,"17":0,"18":0,"20":0,"22":0,"23":0,"25":0,"26":0,"27":0,"28":0,"31":0,"34":0,"35":0,"38":1,"39":0,"40":0,"41":1,"42":0,"43":0,"46":0,"47":0,"48":0,"51":0,"53":0,"54":0,"60":0,"61":0,"62":0,"63":0,"64":0,"68":0,"69":0,"75":1,"77":0,"78":0,"79":0,"80":0,"83":0,"95":1,"97":0,"100":0,"103":0,"106":1,"107":0,"108":0,"109":0,"111":0}},"/home/travis/build/npmtest/node-npmtest-webpack-hot-middleware/node_modules/webpack-hot-middleware/helpers.js":{"path":"/home/travis/build/npmtest/node-npmtest-webpack-hot-middleware/node_modules/webpack-hot-middleware/helpers.js","s":{"1":1,"2":1,"3":0,"4":0,"5":0,"6":0,"7":0,"8":0},"b":{"1":[0,0],"2":[0,0]},"f":{"1":0},"fnMap":{"1":{"name":"pathMatch","line":3,"loc":{"start":{"line":3,"column":0},"end":{"line":3,"column":30}}}},"statementMap":{"1":{"start":{"line":1,"column":0},"end":{"line":1,"column":30}},"2":{"start":{"line":3,"column":0},"end":{"line":8,"column":1}},"3":{"start":{"line":4,"column":2},"end":{"line":4,"column":31}},"4":{"start":{"line":4,"column":19},"end":{"line":4,"column":31}},"5":{"start":{"line":5,"column":2},"end":{"line":5,"column":27}},"6":{"start":{"line":6,"column":2},"end":{"line":6,"column":28}},"7":{"start":{"line":6,"column":15},"end":{"line":6,"column":28}},"8":{"start":{"line":7,"column":2},"end":{"line":7,"column":37}}},"branchMap":{"1":{"line":4,"type":"if","locations":[{"start":{"line":4,"column":2},"end":{"line":4,"column":2}},{"start":{"line":4,"column":2},"end":{"line":4,"column":2}}]},"2":{"line":6,"type":"if","locations":[{"start":{"line":6,"column":2},"end":{"line":6,"column":2}},{"start":{"line":6,"column":2},"end":{"line":6,"column":2}}]}},"code":["exports.pathMatch = pathMatch;","","function pathMatch(url, path) {","  if (url == path) return true;","  var q = url.indexOf('?');","  if (q == -1) return false;","  return url.substring(0, q) == path;","}",""],"l":{"1":1,"3":1,"4":0,"5":0,"6":0,"7":0}},"/home/travis/build/npmtest/node-npmtest-webpack-hot-middleware/node_modules/webpack-hot-middleware/client.js":{"path":"/home/travis/build/npmtest/node-npmtest-webpack-hot-middleware/node_modules/webpack-hot-middleware/client.js","s":{"1":2,"2":2,"3":0,"4":0,"5":0,"6":0,"7":0,"8":0,"9":0,"10":0,"11":0,"12":0,"13":0,"14":0,"15":0,"16":0,"17":0,"18":0,"19":0,"20":0,"21":0,"22":0,"23":0,"24":0,"25":0,"26":1,"27":0,"28":0,"29":0,"30":0,"31":0,"32":0,"33":0,"34":1,"35":0,"36":0,"37":0,"38":0,"39":1,"40":0,"41":0,"42":0,"43":1,"44":0,"45":0,"46":0,"47":1,"48":0,"49":0,"50":0,"51":0,"52":0,"53":1,"54":0,"55":0,"56":0,"57":0,"58":0,"59":1,"60":0,"61":1,"62":0,"63":0,"64":0,"65":0,"66":0,"67":0,"68":0,"69":0,"70":0,"71":0,"72":0,"73":0,"74":1,"75":0,"76":0,"77":0,"78":0,"79":0,"80":0,"81":1,"82":0,"83":0,"84":0,"85":0,"86":0,"87":0,"88":0,"89":0,"90":0,"91":0,"92":0,"93":0,"94":0,"95":0,"96":0,"97":0,"98":0,"99":0,"100":0,"101":0,"102":0,"103":0,"104":0,"105":0,"106":0,"107":1,"108":0,"109":0,"110":0,"111":0,"112":0,"113":0,"114":0,"115":0,"116":0,"117":0,"118":0,"119":0,"120":0,"121":0,"122":0,"123":0,"124":0,"125":0,"126":0,"127":0,"128":0,"129":0,"130":0,"131":0,"132":0,"133":0,"134":0,"135":0},"b":{"1":[0,0],"2":[0,0],"3":[0,0],"4":[0,0],"5":[0,0],"6":[0,0],"7":[0,0],"8":[0,0],"9":[0,0],"10":[0,0],"11":[0,0],"12":[0,0],"13":[0,0],"14":[0,0],"15":[0,0],"16":[0,0],"17":[0,0],"18":[0,0],"19":[0,0],"20":[0,0],"21":[0,0],"22":[0,0],"23":[0,0],"24":[0,0],"25":[0,0],"26":[0,0],"27":[0,0],"28":[0,0],"29":[0,0],"30":[0,0],"31":[0,0],"32":[0,0,0,0],"33":[0,0],"34":[0,0],"35":[0,0],"36":[0,0],"37":[0,0],"38":[0,0,0],"39":[0,0],"40":[0,0],"41":[0,0],"42":[0,0],"43":[0,0],"44":[0,0],"45":[0,0],"46":[0,0]},"f":{"1":0,"2":0,"3":0,"4":0,"5":0,"6":0,"7":0,"8":0,"9":0,"10":0,"11":0,"12":0,"13":0,"14":0,"15":0,"16":0,"17":0,"18":0,"19":0,"20":0,"21":0},"fnMap":{"1":{"name":"EventSourceWrapper","line":47,"loc":{"start":{"line":47,"column":0},"end":{"line":47,"column":30}}},"2":{"name":"(anonymous_2)","line":53,"loc":{"start":{"line":53,"column":26},"end":{"line":53,"column":37}}},"3":{"name":"init","line":59,"loc":{"start":{"line":59,"column":2},"end":{"line":59,"column":18}}},"4":{"name":"handleOnline","line":66,"loc":{"start":{"line":66,"column":2},"end":{"line":66,"column":26}}},"5":{"name":"handleMessage","line":71,"loc":{"start":{"line":71,"column":2},"end":{"line":71,"column":32}}},"6":{"name":"handleDisconnect","line":78,"loc":{"start":{"line":78,"column":2},"end":{"line":78,"column":30}}},"7":{"name":"(anonymous_7)","line":85,"loc":{"start":{"line":85,"column":24},"end":{"line":85,"column":37}}},"8":{"name":"getEventSourceWrapper","line":91,"loc":{"start":{"line":91,"column":0},"end":{"line":91,"column":33}}},"9":{"name":"connect","line":103,"loc":{"start":{"line":103,"column":0},"end":{"line":103,"column":19}}},"10":{"name":"handleMessage","line":106,"loc":{"start":{"line":106,"column":2},"end":{"line":106,"column":32}}},"11":{"name":"createReporter","line":133,"loc":{"start":{"line":133,"column":0},"end":{"line":133,"column":26}}},"12":{"name":"log","line":146,"loc":{"start":{"line":146,"column":2},"end":{"line":146,"column":26}}},"13":{"name":"(anonymous_13)","line":147,"loc":{"start":{"line":147,"column":36},"end":{"line":147,"column":50}}},"14":{"name":"(anonymous_14)","line":173,"loc":{"start":{"line":173,"column":24},"end":{"line":173,"column":36}}},"15":{"name":"(anonymous_15)","line":176,"loc":{"start":{"line":176,"column":14},"end":{"line":176,"column":34}}},"16":{"name":"(anonymous_16)","line":182,"loc":{"start":{"line":182,"column":13},"end":{"line":182,"column":24}}},"17":{"name":"(anonymous_17)","line":185,"loc":{"start":{"line":185,"column":22},"end":{"line":185,"column":46}}},"18":{"name":"processMessage","line":195,"loc":{"start":{"line":195,"column":0},"end":{"line":195,"column":29}}},"19":{"name":"subscribeAll","line":244,"loc":{"start":{"line":244,"column":18},"end":{"line":244,"column":49}}},"20":{"name":"subscribe","line":247,"loc":{"start":{"line":247,"column":15},"end":{"line":247,"column":43}}},"21":{"name":"useCustomOverlay","line":250,"loc":{"start":{"line":250,"column":22},"end":{"line":250,"column":63}}}},"statementMap":{"1":{"start":{"line":4,"column":0},"end":{"line":12,"column":2}},"2":{"start":{"line":13,"column":0},"end":{"line":33,"column":1}},"3":{"start":{"line":14,"column":2},"end":{"line":14,"column":43}},"4":{"start":{"line":15,"column":2},"end":{"line":15,"column":62}},"5":{"start":{"line":16,"column":2},"end":{"line":16,"column":52}},"6":{"start":{"line":16,"column":22},"end":{"line":16,"column":52}},"7":{"start":{"line":17,"column":2},"end":{"line":17,"column":61}},"8":{"start":{"line":17,"column":25},"end":{"line":17,"column":61}},"9":{"start":{"line":18,"column":2},"end":{"line":18,"column":73}},"10":{"start":{"line":18,"column":25},"end":{"line":18,"column":73}},"11":{"start":{"line":19,"column":2},"end":{"line":19,"column":70}},"12":{"start":{"line":19,"column":24},"end":{"line":19,"column":70}},"13":{"start":{"line":20,"column":2},"end":{"line":22,"column":3}},"14":{"start":{"line":21,"column":4},"end":{"line":21,"column":24}},"15":{"start":{"line":23,"column":2},"end":{"line":25,"column":3}},"16":{"start":{"line":24,"column":4},"end":{"line":24,"column":34}},"17":{"start":{"line":26,"column":2},"end":{"line":29,"column":3}},"18":{"start":{"line":27,"column":4},"end":{"line":27,"column":24}},"19":{"start":{"line":28,"column":4},"end":{"line":28,"column":25}},"20":{"start":{"line":30,"column":2},"end":{"line":32,"column":3}},"21":{"start":{"line":31,"column":4},"end":{"line":31,"column":58}},"22":{"start":{"line":35,"column":0},"end":{"line":45,"column":1}},"23":{"start":{"line":37,"column":7},"end":{"line":45,"column":1}},"24":{"start":{"line":38,"column":2},"end":{"line":42,"column":4}},"25":{"start":{"line":44,"column":2},"end":{"line":44,"column":12}},"26":{"start":{"line":47,"column":0},"end":{"line":89,"column":1}},"27":{"start":{"line":48,"column":2},"end":{"line":48,"column":13}},"28":{"start":{"line":49,"column":2},"end":{"line":49,"column":32}},"29":{"start":{"line":50,"column":2},"end":{"line":50,"column":21}},"30":{"start":{"line":52,"column":2},"end":{"line":52,"column":9}},"31":{"start":{"line":53,"column":2},"end":{"line":57,"column":26}},"32":{"start":{"line":54,"column":4},"end":{"line":56,"column":5}},"33":{"start":{"line":55,"column":6},"end":{"line":55,"column":25}},"34":{"start":{"line":59,"column":2},"end":{"line":64,"column":3}},"35":{"start":{"line":60,"column":4},"end":{"line":60,"column":50}},"36":{"start":{"line":61,"column":4},"end":{"line":61,"column":33}},"37":{"start":{"line":62,"column":4},"end":{"line":62,"column":38}},"38":{"start":{"line":63,"column":4},"end":{"line":63,"column":37}},"39":{"start":{"line":66,"column":2},"end":{"line":69,"column":3}},"40":{"start":{"line":67,"column":4},"end":{"line":67,"column":52}},"41":{"start":{"line":67,"column":21},"end":{"line":67,"column":52}},"42":{"start":{"line":68,"column":4},"end":{"line":68,"column":30}},"43":{"start":{"line":71,"column":2},"end":{"line":76,"column":3}},"44":{"start":{"line":72,"column":4},"end":{"line":72,"column":30}},"45":{"start":{"line":73,"column":4},"end":{"line":75,"column":5}},"46":{"start":{"line":74,"column":6},"end":{"line":74,"column":26}},"47":{"start":{"line":78,"column":2},"end":{"line":82,"column":3}},"48":{"start":{"line":79,"column":4},"end":{"line":79,"column":25}},"49":{"start":{"line":80,"column":4},"end":{"line":80,"column":19}},"50":{"start":{"line":81,"column":4},"end":{"line":81,"column":38}},"51":{"start":{"line":84,"column":2},"end":{"line":88,"column":4}},"52":{"start":{"line":86,"column":6},"end":{"line":86,"column":25}},"53":{"start":{"line":91,"column":0},"end":{"line":101,"column":1}},"54":{"start":{"line":92,"column":2},"end":{"line":94,"column":3}},"55":{"start":{"line":93,"column":4},"end":{"line":93,"column":40}},"56":{"start":{"line":95,"column":2},"end":{"line":99,"column":3}},"57":{"start":{"line":98,"column":4},"end":{"line":98,"column":72}},"58":{"start":{"line":100,"column":2},"end":{"line":100,"column":54}},"59":{"start":{"line":103,"column":0},"end":{"line":118,"column":1}},"60":{"start":{"line":104,"column":2},"end":{"line":104,"column":60}},"61":{"start":{"line":106,"column":2},"end":{"line":117,"column":3}},"62":{"start":{"line":107,"column":4},"end":{"line":109,"column":5}},"63":{"start":{"line":108,"column":6},"end":{"line":108,"column":13}},"64":{"start":{"line":110,"column":4},"end":{"line":116,"column":5}},"65":{"start":{"line":111,"column":6},"end":{"line":111,"column":45}},"66":{"start":{"line":113,"column":6},"end":{"line":115,"column":7}},"67":{"start":{"line":114,"column":8},"end":{"line":114,"column":71}},"68":{"start":{"line":124,"column":0},"end":{"line":124,"column":57}},"69":{"start":{"line":125,"column":0},"end":{"line":125,"column":13}},"70":{"start":{"line":126,"column":0},"end":{"line":131,"column":1}},"71":{"start":{"line":127,"column":2},"end":{"line":129,"column":3}},"72":{"start":{"line":128,"column":4},"end":{"line":128,"column":44}},"73":{"start":{"line":130,"column":2},"end":{"line":130,"column":34}},"74":{"start":{"line":133,"column":0},"end":{"line":189,"column":1}},"75":{"start":{"line":134,"column":2},"end":{"line":134,"column":36}},"76":{"start":{"line":136,"column":2},"end":{"line":136,"column":14}},"77":{"start":{"line":137,"column":2},"end":{"line":139,"column":3}},"78":{"start":{"line":138,"column":4},"end":{"line":138,"column":42}},"79":{"start":{"line":141,"column":2},"end":{"line":144,"column":4}},"80":{"start":{"line":145,"column":2},"end":{"line":145,"column":30}},"81":{"start":{"line":146,"column":2},"end":{"line":170,"column":3}},"82":{"start":{"line":147,"column":4},"end":{"line":147,"column":85}},"83":{"start":{"line":147,"column":52},"end":{"line":147,"column":70}},"84":{"start":{"line":148,"column":4},"end":{"line":152,"column":5}},"85":{"start":{"line":149,"column":6},"end":{"line":149,"column":13}},"86":{"start":{"line":151,"column":6},"end":{"line":151,"column":37}},"87":{"start":{"line":154,"column":4},"end":{"line":154,"column":29}},"88":{"start":{"line":155,"column":4},"end":{"line":155,"column":53}},"89":{"start":{"line":156,"column":4},"end":{"line":156,"column":80}},"90":{"start":{"line":159,"column":4},"end":{"line":169,"column":5}},"91":{"start":{"line":160,"column":6},"end":{"line":160,"column":41}},"92":{"start":{"line":161,"column":6},"end":{"line":161,"column":45}},"93":{"start":{"line":162,"column":6},"end":{"line":162,"column":25}},"94":{"start":{"line":164,"column":6},"end":{"line":168,"column":8}},"95":{"start":{"line":172,"column":2},"end":{"line":188,"column":4}},"96":{"start":{"line":174,"column":6},"end":{"line":174,"column":30}},"97":{"start":{"line":177,"column":6},"end":{"line":179,"column":7}},"98":{"start":{"line":178,"column":8},"end":{"line":178,"column":23}},"99":{"start":{"line":180,"column":6},"end":{"line":180,"column":80}},"100":{"start":{"line":180,"column":42},"end":{"line":180,"column":80}},"101":{"start":{"line":183,"column":6},"end":{"line":183,"column":35}},"102":{"start":{"line":183,"column":19},"end":{"line":183,"column":35}},"103":{"start":{"line":186,"column":6},"end":{"line":186,"column":30}},"104":{"start":{"line":191,"column":0},"end":{"line":191,"column":48}},"105":{"start":{"line":193,"column":0},"end":{"line":193,"column":18}},"106":{"start":{"line":194,"column":0},"end":{"line":194,"column":24}},"107":{"start":{"line":195,"column":0},"end":{"line":240,"column":1}},"108":{"start":{"line":196,"column":2},"end":{"line":235,"column":3}},"109":{"start":{"line":198,"column":6},"end":{"line":203,"column":7}},"110":{"start":{"line":199,"column":8},"end":{"line":202,"column":10}},"111":{"start":{"line":204,"column":6},"end":{"line":204,"column":12}},"112":{"start":{"line":206,"column":6},"end":{"line":211,"column":7}},"113":{"start":{"line":207,"column":8},"end":{"line":210,"column":10}},"114":{"start":{"line":214,"column":6},"end":{"line":216,"column":7}},"115":{"start":{"line":215,"column":8},"end":{"line":215,"column":15}},"116":{"start":{"line":217,"column":6},"end":{"line":229,"column":7}},"117":{"start":{"line":218,"column":8},"end":{"line":218,"column":55}},"118":{"start":{"line":218,"column":22},"end":{"line":218,"column":55}},"119":{"start":{"line":220,"column":8},"end":{"line":227,"column":9}},"120":{"start":{"line":221,"column":10},"end":{"line":225,"column":11}},"121":{"start":{"line":222,"column":12},"end":{"line":222,"column":47}},"122":{"start":{"line":224,"column":12},"end":{"line":224,"column":42}},"123":{"start":{"line":226,"column":10},"end":{"line":226,"column":29}},"124":{"start":{"line":228,"column":8},"end":{"line":228,"column":54}},"125":{"start":{"line":230,"column":6},"end":{"line":230,"column":12}},"126":{"start":{"line":232,"column":6},"end":{"line":234,"column":7}},"127":{"start":{"line":233,"column":8},"end":{"line":233,"column":27}},"128":{"start":{"line":237,"column":2},"end":{"line":239,"column":3}},"129":{"start":{"line":238,"column":4},"end":{"line":238,"column":29}},"130":{"start":{"line":242,"column":0},"end":{"line":254,"column":1}},"131":{"start":{"line":243,"column":2},"end":{"line":253,"column":4}},"132":{"start":{"line":245,"column":6},"end":{"line":245,"column":36}},"133":{"start":{"line":248,"column":6},"end":{"line":248,"column":30}},"134":{"start":{"line":251,"column":6},"end":{"line":251,"column":61}},"135":{"start":{"line":251,"column":20},"end":{"line":251,"column":61}}},"branchMap":{"1":{"line":13,"type":"if","locations":[{"start":{"line":13,"column":0},"end":{"line":13,"column":0}},{"start":{"line":13,"column":0},"end":{"line":13,"column":0}}]},"2":{"line":16,"type":"if","locations":[{"start":{"line":16,"column":2},"end":{"line":16,"column":2}},{"start":{"line":16,"column":2},"end":{"line":16,"column":2}}]},"3":{"line":17,"type":"if","locations":[{"start":{"line":17,"column":2},"end":{"line":17,"column":2}},{"start":{"line":17,"column":2},"end":{"line":17,"column":2}}]},"4":{"line":18,"type":"if","locations":[{"start":{"line":18,"column":2},"end":{"line":18,"column":2}},{"start":{"line":18,"column":2},"end":{"line":18,"column":2}}]},"5":{"line":19,"type":"if","locations":[{"start":{"line":19,"column":2},"end":{"line":19,"column":2}},{"start":{"line":19,"column":2},"end":{"line":19,"column":2}}]},"6":{"line":20,"type":"if","locations":[{"start":{"line":20,"column":2},"end":{"line":20,"column":2}},{"start":{"line":20,"column":2},"end":{"line":20,"column":2}}]},"7":{"line":20,"type":"binary-expr",
[...]
":"if","locations":[{"start":{"line":55,"column":2},"end":{"line":55,"column":2}},{"start":{"line":55,"column":2},"end":{"line":55,"column":2}}]},"2":{"line":62,"type":"if","locations":[{"start":{"line":62,"column":2},"end":{"line":62,"column":2}},{"start":{"line":62,"column":2},"end":{"line":62,"column":2}}]},"3":{"line":62,"type":"binary-expr","locations":[{"start":{"line":62,"column":6},"end":{"line":62,"column":19}},{"start":{"line":62,"column":23},"end":{"line":62,"column":47}}]},"4":{"line":73,"type":"binary-expr","locations":[{"start":{"line":73,"column":14},"end":{"line":73,"column":33}},{"start":{"line":73,"column":37},"end":{"line":73,"column":47}}]}},"code":["/*eslint-env browser*/","","var clientOverlay = document.createElement('div');","clientOverlay.id = 'webpack-hot-middleware-clientOverlay';","var styles = {","  background: 'rgba(0,0,0,0.85)',","  color: '#E8E8E8',","  lineHeight: '1.2',","  whiteSpace: 'pre',","  fontFamily: 'Menlo, Consolas, monospace',","  fontSize: '13px',","  position: 'fixed',","  zIndex: 9999,","  padding: '10px',","  left: 0,","  right: 0,","  top: 0,","  bottom: 0,","  overflow: 'auto',","  dir: 'ltr',","  textAlign: 'left'","};","for (var key in styles) {","  clientOverlay.style[key] = styles[key];","}","","var ansiHTML = require('ansi-html');","var colors = {","  reset: ['transparent', 'transparent'],","  black: '181818',","  red: 'E36049',","  green: 'B3CB74',","  yellow: 'FFD080',","  blue: '7CAFC2',","  magenta: '7FACCA',","  cyan: 'C3C2EF',","  lightgrey: 'EBE7E3',","  darkgrey: '6D7891'","};","ansiHTML.setColors(colors);","","var Entities = require('html-entities').AllHtmlEntities;","var entities = new Entities();","","exports.showProblems =","function showProblems(type, lines) {","  clientOverlay.innerHTML = '';","  lines.forEach(function(msg) {","    msg = ansiHTML(entities.encode(msg));","    var div = document.createElement('div');","    div.style.marginBottom = '26px';","    div.innerHTML = problemType(type) + ' in ' + msg;","    clientOverlay.appendChild(div);","  });","  if (document.body) {","    document.body.appendChild(clientOverlay);","  }","};","","exports.clear =","function clear() {","  if (document.body && clientOverlay.parentNode) {","    document.body.removeChild(clientOverlay);","  }","};","","var problemColors = {","  errors: colors.red,","  warnings: colors.yellow","};","","function problemType (type) {","  var color = problemColors[type] || colors.red;","  return (","    '<span style=\"background-color:#' + color + '; color:#fff; padding:2px 4px; border-radius: 2px\">' +","      type.slice(0, -1).toUpperCase() +","    '</span>'","  );","}",""],"l":{"3":2,"4":0,"5":0,"23":0,"24":0,"27":0,"28":0,"40":0,"42":0,"43":0,"45":0,"47":0,"48":0,"49":0,"50":0,"51":0,"52":0,"53":0,"55":0,"56":0,"60":0,"62":0,"63":0,"67":0,"72":1,"73":0,"74":0}},"/home/travis/build/npmtest/node-npmtest-webpack-hot-middleware/node_modules/webpack-hot-middleware/process-update.js":{"path":"/home/travis/build/npmtest/node-npmtest-webpack-hot-middleware/node_modules/webpack-hot-middleware/process-update.js","s":{"1":2,"2":2,"3":0,"4":0,"5":0,"6":0,"7":1,"8":0,"9":0,"10":0,"11":0,"12":0,"13":0,"14":0,"15":0,"16":0,"17":1,"18":0,"19":0,"20":0,"21":0,"22":0,"23":0,"24":0,"25":0,"26":0,"27":0,"28":0,"29":0,"30":0,"31":0,"32":0,"33":0,"34":0,"35":0,"36":0,"37":0,"38":0,"39":0,"40":0,"41":0,"42":0,"43":1,"44":0,"45":0,"46":0,"47":0,"48":0,"49":0,"50":0,"51":0,"52":0,"53":0,"54":0,"55":0,"56":0,"57":0,"58":0,"59":0,"60":0,"61":1,"62":0,"63":0,"64":0,"65":0,"66":0,"67":0,"68":0,"69":0,"70":1,"71":0,"72":0,"73":0,"74":0},"b":{"1":[2,0],"2":[0,0],"3":[0,0],"4":[0,0],"5":[0,0],"6":[0,0],"7":[0,0],"8":[0,0],"9":[0,0],"10":[0,0],"11":[0,0],"12":[0,0],"13":[0,0],"14":[0,0],"15":[0,0],"16":[0,0],"17":[0,0],"18":[0,0],"19":[0,0],"20":[0,0],"21":[0,0],"22":[0,0],"23":[0,0],"24":[0,0],"25":[0,0],"26":[0,0],"27":[0,0],"28":[0,0]},"f":{"1":0,"2":0,"3":0,"4":0,"5":0,"6":0,"7":0,"8":0,"9":0,"10":0,"11":0,"12":0,"13":0},"fnMap":{"1":{"name":"upToDate","line":19,"loc":{"start":{"line":19,"column":0},"end":{"line":19,"column":24}}},"2":{"name":"(anonymous_2)","line":24,"loc":{"start":{"line":24,"column":17},"end":{"line":24,"column":52}}},"3":{"name":"check","line":31,"loc":{"start":{"line":31,"column":2},"end":{"line":31,"column":19}}},"4":{"name":"(anonymous_4)","line":32,"loc":{"start":{"line":32,"column":13},"end":{"line":32,"column":43}}},"5":{"name":"(anonymous_5)","line":44,"loc":{"start":{"line":44,"column":26},"end":{"line":44,"column":61}}},"6":{"name":"(anonymous_6)","line":56,"loc":{"start":{"line":56,"column":25},"end":{"line":56,"column":51}}},"7":{"name":"(anonymous_7)","line":67,"loc":{"start":{"line":67,"column":20},"end":{"line":67,"column":45}}},"8":{"name":"logUpdates","line":74,"loc":{"start":{"line":74,"column":2},"end":{"line":74,"column":54}}},"9":{"name":"(anonymous_9)","line":75,"loc":{"start":{"line":75,"column":50},"end":{"line":75,"column":69}}},"10":{"name":"(anonymous_10)","line":88,"loc":{"start":{"line":88,"column":34},"end":{"line":88,"column":53}}},"11":{"name":"(anonymous_11)","line":101,"loc":{"start":{"line":101,"column":31},"end":{"line":101,"column":50}}},"12":{"name":"handleError","line":112,"loc":{"start":{"line":112,"column":2},"end":{"line":112,"column":28}}},"13":{"name":"performReload","line":126,"loc":{"start":{"line":126,"column":2},"end":{"line":126,"column":27}}}},"statementMap":{"1":{"start":{"line":9,"column":0},"end":{"line":11,"column":1}},"2":{"start":{"line":10,"column":2},"end":{"line":10,"column":63}},"3":{"start":{"line":13,"column":0},"end":{"line":13,"column":90}},"4":{"start":{"line":15,"column":0},"end":{"line":15,"column":13}},"5":{"start":{"line":16,"column":0},"end":{"line":16,"column":44}},"6":{"start":{"line":17,"column":0},"end":{"line":17,"column":46}},"7":{"start":{"line":19,"column":0},"end":{"line":22,"column":1}},"8":{"start":{"line":20,"column":2},"end":{"line":20,"column":28}},"9":{"start":{"line":20,"column":12},"end":{"line":20,"column":28}},"10":{"start":{"line":21,"column":2},"end":{"line":21,"column":38}},"11":{"start":{"line":24,"column":0},"end":{"line":132,"column":2}},"12":{"start":{"line":25,"column":2},"end":{"line":25,"column":30}},"13":{"start":{"line":26,"column":2},"end":{"line":29,"column":3}},"14":{"start":{"line":27,"column":4},"end":{"line":27,"column":80}},"15":{"start":{"line":27,"column":21},"end":{"line":27,"column":80}},"16":{"start":{"line":28,"column":4},"end":{"line":28,"column":12}},"17":{"start":{"line":31,"column":2},"end":{"line":72,"column":3}},"18":{"start":{"line":32,"column":4},"end":{"line":62,"column":6}},"19":{"start":{"line":33,"column":6},"end":{"line":33,"column":39}},"20":{"start":{"line":33,"column":15},"end":{"line":33,"column":39}},"21":{"start":{"line":35,"column":6},"end":{"line":42,"column":7}},"22":{"start":{"line":36,"column":8},"end":{"line":39,"column":9}},"23":{"start":{"line":37,"column":10},"end":{"line":37,"column":72}},"24":{"start":{"line":38,"column":10},"end":{"line":38,"column":76}},"25":{"start":{"line":40,"column":8},"end":{"line":40,"column":24}},"26":{"start":{"line":41,"column":8},"end":{"line":41,"column":20}},"27":{"start":{"line":44,"column":6},"end":{"line":50,"column":8}},"28":{"start":{"line":45,"column":8},"end":{"line":45,"column":51}},"29":{"start":{"line":45,"column":22},"end":{"line":45,"column":51}},"30":{"start":{"line":47,"column":8},"end":{"line":47,"column":33}},"31":{"start":{"line":47,"column":25},"end":{"line":47,"column":33}},"32":{"start":{"line":49,"column":8},"end":{"line":49,"column":51}},"33":{"start":{"line":52,"column":6},"end":{"line":52,"column":70}},"34":{"start":{"line":54,"column":6},"end":{"line":60,"column":7}},"35":{"start":{"line":56,"column":8},"end":{"line":58,"column":11}},"36":{"start":{"line":57,"column":10},"end":{"line":57,"column":47}},"37":{"start":{"line":59,"column":8},"end":{"line":59,"column":41}},"38":{"start":{"line":64,"column":4},"end":{"line":64,"column":45}},"39":{"start":{"line":66,"column":4},"end":{"line":71,"column":5}},"40":{"start":{"line":67,"column":8},"end":{"line":69,"column":11}},"41":{"start":{"line":68,"column":12},"end":{"line":68,"column":37}},"42":{"start":{"line":70,"column":8},"end":{"line":70,"column":25}},"43":{"start":{"line":74,"column":2},"end":{"line":110,"column":3}},"44":{"start":{"line":75,"column":4},"end":{"line":77,"column":7}},"45":{"start":{"line":76,"column":6},"end":{"line":76,"column":68}},"46":{"start":{"line":79,"column":4},"end":{"line":94,"column":5}},"47":{"start":{"line":80,"column":6},"end":{"line":91,"column":7}},"48":{"start":{"line":81,"column":8},"end":{"line":87,"column":10}},"49":{"start":{"line":88,"column":8},"end":{"line":90,"column":11}},"50":{"start":{"line":89,"column":10},"end":{"line":89,"column":58}},"51":{"start":{"line":92,"column":6},"end":{"line":92,"column":22}},"52":{"start":{"line":93,"column":6},"end":{"line":93,"column":13}},"53":{"start":{"line":96,"column":4},"end":{"line":109,"column":5}},"54":{"start":{"line":97,"column":6},"end":{"line":104,"column":7}},"55":{"start":{"line":98,"column":8},"end":{"line":98,"column":50}},"56":{"start":{"line":100,"column":8},"end":{"line":100,"column":46}},"57":{"start":{"line":101,"column":8},"end":{"line":103,"column":11}},"58":{"start":{"line":102,"column":10},"end":{"line":102,"column":57}},"59":{"start":{"line":106,"column":6},"end":{"line":108,"column":7}},"60":{"start":{"line":107,"column":8},"end":{"line":107,"column":48}},"61":{"start":{"line":112,"column":2},"end":{"line":124,"column":3}},"62":{"start":{"line":113,"column":4},"end":{"line":120,"column":5}},"63":{"start":{"line":114,"column":6},"end":{"line":117,"column":7}},"64":{"start":{"line":115,"column":8},"end":{"line":115,"column":75}},"65":{"start":{"line":116,"column":8},"end":{"line":116,"column":58}},"66":{"start":{"line":118,"column":6},"end":{"line":118,"column":22}},"67":{"start":{"line":119,"column":6},"end":{"line":119,"column":13}},"68":{"start":{"line":121,"column":4},"end":{"line":123,"column":5}},"69":{"start":{"line":122,"column":6},"end":{"line":122,"column":77}},"70":{"start":{"line":126,"column":2},"end":{"line":131,"column":3}},"71":{"start":{"line":127,"column":4},"end":{"line":130,"column":5}},"72":{"start":{"line":128,"column":6},"end":{"line":128,"column":61}},"73":{"start":{"line":128,"column":24},"end":{"line":128,"column":61}},"74":{"start":{"line":129,"column":6},"end":{"line":129,"column":31}}},"branchMap":{"1":{"line":9,"type":"if","locations":[{"start":{"line":9,"column":0},"end":{"line":9,"column":0}},{"start":{"line":9,"column":0},"end":{"line":9,"column":0}}]},"2":{"line":20,"type":"if","locations":[{"start":{"line":20,"column":2},"end":{"line":20,"column":2}},{"start":{"line":20,"column":2},"end":{"line":20,"column":2}}]},"3":{"line":26,"type":"if","locations":[{"start":{"line":26,"column":2},"end":{"line":26,"column":2}},{"start":{"line":26,"column":2},"end":{"line":26,"column":2}}]},"4":{"line":26,"type":"binary-expr","locations":[{"start":{"line":26,"column":6},"end":{"line":26,"column":21}},{"start":{"line":26,"column":25},"end":{"line":26,"column":54}}]},"5":{"line":27,"type":"if","locations":[{"start":{"line":27,"column":4},"end":{"line":27,"column":4}},{"start":{"line":27,"column":4},"end":{"line":27,"column":4}}]},"6":{"line":33,"type":"if","locations":[{"start":{"line":33,"column":6},"end":{"line":33,"column":6}},{"start":{"line":33,"column":6},"end":{"line":33,"column":6}}]},"7":{"line":35,"type":"if","locations":[{"start":{"line":35,"column":6},"end":{"line":35,"column":6}},{"start":{"line":35,"column":6},"end":{"line":35,"column":6}}]},"8":{"line":36,"type":"if","locations":[{"start":{"line":36,"column":8},"end":{"line":36,"column":8}},{"start":{"line":36,"column":8},"end":{"line":36,"column":8}}]},"9":{"line":45,"type":"if","locations":[{"start":{"line":45,"column":8},"end":{"line":45,"column":8}},{"start":{"line":45,"column":8},"end":{"line":45,"column":8}}]},"10":{"line":47,"type":"if","locations":[{"start":{"line":47,"column":8},"end":{"line":47,"column":8}},{"start":{"line":47,"column":8},"end":{"line":47,"column":8}}]},"11":{"line":54,"type":"if","locations":[{"start":{"line":54,"column":6},"end":{"line":54,"column":6}},{"start":{"line":54,"column":6},"end":{"line":54,"column":6}}]},"12":{"line":54,"type":"binary-expr","locations":[{"start":{"line":54,"column":10},"end":{"line":54,"column":21}},{"start":{"line":54,"column":25},"end":{"line":54,"column":41}}]},"13":{"line":66,"type":"if","locations":[{"start":{"line":66,"column":4},"end":{"line":66,"column":4}},{"start":{"line":66,"column":4},"end":{"line":66,"column":4}}]},"14":{"line":66,"type":"binary-expr","locations":[{"start":{"line":66,"column":8},"end":{"line":66,"column":14}},{"start":{"line":66,"column":18},"end":{"line":66,"column":29}}]},"15":{"line":76,"type":"binary-expr","locations":[{"start":{"line":76,"column":13},"end":{"line":76,"column":27}},{"start":{"line":76,"column":31},"end":{"line":76,"column":67}}]},"16":{"line":79,"type":"if","locations":[{"start":{"line":79,"column":4},"end":{"line":79,"column":4}},{"start":{"line":79,"column":4},"end":{"line":79,"column":4}}]},"17":{"line":80,"type":"if","locations":[{"start":{"line":80,"column":6},"end":{"line":80,"column":6}},{"start":{"line":80,"column":6},"end":{"line":80,"column":6}}]},"18":{"line":96,"type":"if","locations":[{"start":{"line":96,"column":4},"end":{"line":96,"column":4}},{"start":{"line":96,"column":4},"end":{"line":96,"column":4}}]},"19":{"line":97,"type":"if","locations":[{"start":{"line":97,"column":6},"end":{"line":97,"column":6}},{"start":{"line":97,"column":6},"end":{"line":97,"column":6}}]},"20":{"line":97,"type":"binary-expr","locations":[{"start":{"line":97,"column":9},"end":{"line":97,"column":24}},{"start":{"line":97,"column":28},"end":{"line":97,"column":55}}]},"21":{"line":106,"type":"if","locations":[{"start":{"line":106,"column":6},"end":{"line":106,"column":6}},{"start":{"line":106,"column":6},"end":{"line":106,"column":6}}]},"22":{"line":113,"type":"if","locations":[{"start":{"line":113,"column":4},"end":{"line":113,"column":4}},{"start":{"line":113,"column":4},"end":{"line":113,"column":4}}]},"23":{"line":114,"type":"if","locations":[{"start":{"line":114,"column":6},"end":{"line":114,"column":6}},{"start":{"line":114,"column":6},"end":{"line":114,"column":6}}]},"24":{"line":116,"type":"binary-expr","locations":[{"start":{"line":116,"column":21},"end":{"line":116,"column":41}},{"start":{"line":116,"column":45},"end":{"line":116,"column":56}}]},"25":{"line":121,"type":"if","locations":[{"start":{"line":121,"column":4},"end":{"line":121,"column":4}},{"start":{"line":121,"column":4},"end":{"line":121,"column":4}}]},"26":{"line":122,"type":"binary-expr","locations":[{"start":{"line":122,"column":19},"end":{"line":122,"column":60}},{"start":{"line":122,"column":64},"end":{"line":122,"column":75}}]},"27":{"line":127,"type":"if","locations":[{"start":{"line":127,"column":4},"end":{"line":127,"column":4}},{"start":{"line":127,"column":4},"end":{"line":127,"column":4}}]},"28":{"line":128,"type":"if","locations":[{"start":{"line":128,"column":6},"end":{"line":128,"column":6}},{"start":{"line":128,"column":6},"end":{"line":128,"column":6}}]}},"code":["/**"," * Based heavily on https://github.com/webpack/webpack/blob/"," *  c0afdf9c6abc1dd70707c594e473802a566f7b6e/hot/only-dev-server.js"," * Original copyright Tobias Koppers @sokra (MIT license)"," */","","/* global window __webpack_hash__ */","","if (!module.hot) {","  throw new Error(\"[HMR] Hot Module Replacement is disabled.\");","}","","var hmrDocsUrl = \"http://webpack.github.io/docs/hot-module-replacement-with-webpack.html\"; // eslint-disable-line max-len","","var lastHash;","var failureStatuses = { abort: 1, fail: 1 };","var applyOptions = { ignoreUnaccepted: true };","","function upToDate(hash) {","  if (hash) lastHash = hash;","  return lastHash == __webpack_hash__;","}","","module.exports = function(hash, moduleMap, options) {","  var reload = options.reload;","  if (!upToDate(hash) && module.hot.status() == \"idle\") {","    if (options.log) console.log(\"[HMR] Checking for updates on the server...\");","    check();","  }","","  function check() {","    var cb = function(err, updatedModules) {","      if (err) return handleError(err);","","      if(!updatedModules) {","        if (options.warn) {","          console.warn(\"[HMR] Cannot find update (Full reload needed)\");","          console.warn(\"[HMR] (Probably because of restarting the server)\");","        }","        performReload();","        return null;","      }","","      var applyCallback = function(applyErr, renewedModules) {","        if (applyErr) return handleError(applyErr);","","        if (!upToDate()) check();","","        logUpdates(updatedModules, renewedModules);","      };","","      var applyResult = module.hot.apply(applyOptions, applyCallback);","      // webpack 2 promise","      if (applyResult && applyResult.then) {","        // HotModuleReplacement.runtime.js refers to the result as `outdatedModules`","        applyResult.then(function(outdatedModules) {","          applyCallback(null, outdatedModules);","        });","        applyResult.catch(applyCallback);","      }","","    };","","    var result = module.hot.check(false, cb);","    // webpack 2 promise","    if (result && result.then) {","        result.then(function(updatedModules) {","            cb(null, updatedModules);","        });","        result.catch(cb);","    }","  }","","  function logUpdates(updatedModules, renewedModules) {","    var unacceptedModules = updatedModules.filter(function(moduleId) {","      return renewedModules && renewedModules.indexOf(moduleId) < 0;","    });","","    if(unacceptedModules.length > 0) {","      if (options.warn) {","        console.warn(","          \"[HMR] The following modules couldn't be hot updated: \" +","          \"(Full reload needed)\\n\" +","          \"This is usually because the modules which have changed \" +","          \"(and their parents) do not know how to hot reload themselves. \" +","          \"See \" + hmrDocsUrl + \" for more details.\"","        );","        unacceptedModules.forEach(function(moduleId) {","          console.warn(\"[HMR]  - \" + moduleMap[moduleId]);","        });","      }","      performReload();","      return;","    }","","    if (options.log) {","      if(!renewedModules || renewedModules.length === 0) {","        console.log(\"[HMR] Nothing hot updated.\");","      } else {","        console.log(\"[HMR] Updated modules:\");","        renewedModules.forEach(function(moduleId) {","          console.log(\"[HMR]  - \" + moduleMap[moduleId]);","        });","      }","","      if (upToDate()) {","        console.log(\"[HMR] App is up to date.\");","      }","    }","  }","","  function handleError(err) {","    if (module.hot.status() in failureStatuses) {","      if (options.warn) {","        console.warn(\"[HMR] Cannot check for update (Full reload needed)\");","        console.warn(\"[HMR] \" + err.stack || err.message);","      }","      performReload();","      return;","    }","    if (options.warn) {","      console.warn(\"[HMR] Update check failed: \" + err.stack || err.message);","    }","  }","","  function performReload() {","    if (reload) {","      if (options.warn) console.warn(\"[HMR] Reloading page\");","      window.location.reload();","    }","  }","};",""],"l":{"9":2,"10":2,"13":0,"15":0,"16":0,"17":0,"19":1,"20":0,"21":0,"24":0,"25":0,"26":0,"27":0,"28":0,"31":1,"32":0,"33":0,"35":0,"36":0,"37":0,"38":0,"40":0,"41":0,"44":0,"45":0,"47":0,"49":0,"52":0,"54":0,"56":0,"57":0,"59":0,"64":0,"66":0,"67":0,"68":0,"70":0,"74":1,"75":0,"76":0,"79":0,"80":0,"81":0,"88":0,"89":0,"92":0,"93":0,"96":0,"97":0,"98":0,"100":0,"101":0,"102":0,"106":0,"107":0,"112":1,"113":0,"114":0,"115":0,"116":0,"118":0,"119":0,"121":0,"122":0,"126":1,"127":0,"128":0,"129":0}}}